Loading plugins phase: Elapsed time ==> 0s.267ms
<CYPRESSTAG name="CyDsfit arguments...">
cydsfit arguments: -.fdsnotice -.fdswarpdepfile=warp_dependencies.txt -.fdselabdepfile=elab_dependencies.txt -.fdsbldfile=generated_files.txt -.fdsreffile=referenced_files.txt -p C:\Users\EpikE\Documents\PSoC Creator\LCD\LCD.cydsn\LCD.cyprj -d CY8C5888LTI-LP097 -s C:\Users\EpikE\Documents\PSoC Creator\LCD\LCD.cydsn\Generated_Source\PSoC5 -- -yv2 -q10 -ygs -o2 -v3 -.fftcfgtype=LE</CYPRESSTAG>
<CYPRESSTAG name="Design elaboration results...">
ADD: pft.M0074: information: A (re)build is required to use the analog device editor. Unable to load the necessary information from the cyfit file. Partial/wrong data will be displayed until this has been resolved.
 * C:\Users\EpikE\Documents\PSoC Creator\LCD\LCD.cydsn\LCD.cydwr ()

</CYPRESSTAG>
Elaboration phase: Elapsed time ==> 1s.497ms
<CYPRESSTAG name="HDL generation results...">
</CYPRESSTAG>
HDL generation phase: Elapsed time ==> 0s.067ms
<CYPRESSTAG name="Synthesis results...">

     | | | | | | |
   _________________
  -|               |-
  -|               |-
  -|               |-
  -|    CYPRESS    |-
  -|               |-
  -|               |-   Warp Verilog Synthesis Compiler: Version 6.3 IR 41
  -|               |-   Copyright (C) 1991-2001 Cypress Semiconductor
   |_______________|
     | | | | | | |

======================================================================
Compiling:  LCD.v
Program  :   C:\Program Files (x86)\Cypress\PSoC Creator\4.0\PSoC Creator\warp\bin\warp.exe
Options  :    -yv2 -q10 -ygs -o2 -v3 -.fftcfgtype=LE -ya -.fftprj=C:\Users\EpikE\Documents\PSoC Creator\LCD\LCD.cydsn\LCD.cyprj -dcpsoc3 LCD.v -verilog
======================================================================

======================================================================
Compiling:  LCD.v
Program  :   C:\Program Files (x86)\Cypress\PSoC Creator\4.0\PSoC Creator\warp\bin\warp.exe
Options  :    -yv2 -q10 -ygs -o2 -v3 -.fftcfgtype=LE -ya -.fftprj=C:\Users\EpikE\Documents\PSoC Creator\LCD\LCD.cydsn\LCD.cyprj -dcpsoc3 LCD.v -verilog
======================================================================

======================================================================
Compiling:  LCD.v
Program  :   vlogfe
Options  :    -yv2 -q10 -ygs -o2 -v3 -.fftcfgtype=LE -ya -.fftprj=C:\Users\EpikE\Documents\PSoC Creator\LCD\LCD.cydsn\LCD.cyprj -dcpsoc3 -verilog LCD.v
======================================================================

vlogfe V6.3 IR 41:  Verilog parser
Wed Mar 01 23:34:50 2017


======================================================================
Compiling:  LCD.v
Program  :   vpp
Options  :    -yv2 -q10 LCD.v
======================================================================

vpp V6.3 IR 41:  Verilog Pre-Processor
Wed Mar 01 23:34:50 2017

Flattening file 'C:\Program Files (x86)\Cypress\PSoC Creator\4.0\PSoC Creator\psoc\content\cyprimitives\CyPrimitives.cylib\cy_analog_virtualmux_v1_0\cy_analog_virtualmux_v1_0.v'
Flattening file 'C:\Program Files (x86)\Cypress\PSoC Creator\4.0\PSoC Creator\psoc\content\cyprimitives\CyPrimitives.cylib\cy_constant_v1_0\cy_constant_v1_0.v'
Flattening file 'C:\Program Files (x86)\Cypress\PSoC Creator\4.0\PSoC Creator\psoc\content\cyprimitives\CyPrimitives.cylib\ZeroTerminal\ZeroTerminal.v'
Flattening file 'C:\Program Files (x86)\Cypress\PSoC Creator\4.0\PSoC Creator\psoc\content\cyprimitives\CyPrimitives.cylib\cy_virtualmux_v1_0\cy_virtualmux_v1_0.v'
Flattening file 'C:\Program Files (x86)\Cypress\PSoC Creator\4.0\PSoC Creator\psoc\content\cyprimitives\CyPrimitives.cylib\cy_vref_v1_60\cy_vref_v1_60.v'
Flattening file 'C:\Program Files (x86)\Cypress\PSoC Creator\4.0\PSoC Creator\psoc\content\cyprimitives\CyPrimitives.cylib\or_v1_0\or_v1_0.v'
Flattening file 'C:\Program Files (x86)\Cypress\PSoC Creator\4.0\PSoC Creator\psoc\content\cycomponentlibrary\CyComponentLibrary.cylib\B_PWM_v3_30\B_PWM_v3_30.v'
Flattening file 'C:\Program Files (x86)\Cypress\PSoC Creator\4.0\PSoC Creator\warp\lib\common\cypress.v'
Flattening file 'C:\Program Files (x86)\Cypress\PSoC Creator\4.0\PSoC Creator\warp\lib\common\cy_psoc3_inc.v'
Flattening file 'C:\Program Files (x86)\Cypress\PSoC Creator\4.0\PSoC Creator\psoc\content\cyprimitives\CyPrimitives.cylib\OneTerminal\OneTerminal.v'

vpp:  No errors.

Library 'work' => directory 'lcpsoc3'
General_symbol_table
General_symbol_table
Linking 'C:\Program Files (x86)\Cypress\PSoC Creator\4.0\PSoC Creator\warp\lib\common\std.vhd'.
Linking 'C:\Program Files (x86)\Cypress\PSoC Creator\4.0\PSoC Creator\warp\lib\common\cypress.vhd'.
Linking 'C:\Program Files (x86)\Cypress\PSoC Creator\4.0\PSoC Creator\warp\lib\common\work\cypress.vif'.
Linking 'C:\Program Files (x86)\Cypress\PSoC Creator\4.0\PSoC Creator\warp\lib\ieee\work\stdlogic.vif'.
Linking 'C:\Program Files (x86)\Cypress\PSoC Creator\4.0\PSoC Creator\warp\lib\common\stdlogic\lpmpkg.vif'.
Linking 'C:\Program Files (x86)\Cypress\PSoC Creator\4.0\PSoC Creator\warp\lib\common\stdlogic\rtlpkg.vif'.
Linking 'C:\Program Files (x86)\Cypress\PSoC Creator\4.0\PSoC Creator\warp\lib\common\stdlogic\mod_cnst.vif'.
Linking 'C:\Program Files (x86)\Cypress\PSoC Creator\4.0\PSoC Creator\warp\lib\common\stdlogic\mod_mthv.vif'.
Linking 'C:\Program Files (x86)\Cypress\PSoC Creator\4.0\PSoC Creator\warp\lib\common\stdlogic\mod_genv.vif'.
Using control file 'LCD.ctl'.
C:\Program Files (x86)\Cypress\PSoC Creator\4.0\PSoC Creator\psoc\content\cycomponentlibrary\CyComponentLibrary.cylib\B_PWM_v3_30\B_PWM_v3_30.v (line 947, col 46):  Note: Substituting module 'sub_vi_vv' for '-'.
C:\Program Files (x86)\Cypress\PSoC Creator\4.0\PSoC Creator\psoc\content\cycomponentlibrary\CyComponentLibrary.cylib\B_PWM_v3_30\B_PWM_v3_30.v (line 977, col 46):  Note: Substituting module 'add_vi_vv' for '+'.
Linking 'C:\Program Files (x86)\Cypress\PSoC Creator\4.0\PSoC Creator\warp\lib\common\stdlogic\cy_psoc3pkg.vif'.
Linking 'C:\Program Files (x86)\Cypress\PSoC Creator\4.0\PSoC Creator\warp\lib\common\stdlogic\cy_psoc3.vif'.

vlogfe:  No errors.


======================================================================
Compiling:  LCD.v
Program  :   tovif
Options  :    -yv2 -q10 -ygs -o2 -v3 -.fftcfgtype=LE -ya -.fftprj=C:\Users\EpikE\Documents\PSoC Creator\LCD\LCD.cydsn\LCD.cyprj -dcpsoc3 -verilog LCD.v
======================================================================

tovif V6.3 IR 41:  High-level synthesis
Wed Mar 01 23:34:50 2017

Linking 'C:\Program Files (x86)\Cypress\PSoC Creator\4.0\PSoC Creator\warp\lib\common\std.vhd'.
Linking 'C:\Program Files (x86)\Cypress\PSoC Creator\4.0\PSoC Creator\warp\lib\common\cypress.vhd'.
Linking 'C:\Program Files (x86)\Cypress\PSoC Creator\4.0\PSoC Creator\warp\lib\common\work\cypress.vif'.
Linking 'C:\Program Files (x86)\Cypress\PSoC Creator\4.0\PSoC Creator\warp\lib\ieee\work\stdlogic.vif'.
Linking 'C:\Program Files (x86)\Cypress\PSoC Creator\4.0\PSoC Creator\warp\lib\common\stdlogic\lpmpkg.vif'.
Linking 'C:\Program Files (x86)\Cypress\PSoC Creator\4.0\PSoC Creator\warp\lib\common\stdlogic\rtlpkg.vif'.
Linking 'C:\Program Files (x86)\Cypress\PSoC Creator\4.0\PSoC Creator\warp\lib\common\stdlogic\mod_cnst.vif'.
Linking 'C:\Program Files (x86)\Cypress\PSoC Creator\4.0\PSoC Creator\warp\lib\common\stdlogic\mod_mthv.vif'.
Linking 'C:\Program Files (x86)\Cypress\PSoC Creator\4.0\PSoC Creator\warp\lib\common\stdlogic\mod_genv.vif'.
Linking 'C:\Users\EpikE\Documents\PSoC Creator\LCD\LCD.cydsn\codegentemp\LCD.ctl'.
Linking 'C:\Users\EpikE\Documents\PSoC Creator\LCD\LCD.cydsn\codegentemp\LCD.v'.
Linking 'C:\Program Files (x86)\Cypress\PSoC Creator\4.0\PSoC Creator\psoc\content\cyprimitives\CyPrimitives.cylib\cy_analog_virtualmux_v1_0\cy_analog_virtualmux_v1_0.v'.
Linking 'C:\Program Files (x86)\Cypress\PSoC Creator\4.0\PSoC Creator\psoc\content\cyprimitives\CyPrimitives.cylib\cy_constant_v1_0\cy_constant_v1_0.v'.
Linking 'C:\Program Files (x86)\Cypress\PSoC Creator\4.0\PSoC Creator\psoc\content\cyprimitives\CyPrimitives.cylib\ZeroTerminal\ZeroTerminal.v'.
Linking 'C:\Program Files (x86)\Cypress\PSoC Creator\4.0\PSoC Creator\psoc\content\cyprimitives\CyPrimitives.cylib\cy_virtualmux_v1_0\cy_virtualmux_v1_0.v'.
Linking 'C:\Program Files (x86)\Cypress\PSoC Creator\4.0\PSoC Creator\psoc\content\cyprimitives\CyPrimitives.cylib\cy_vref_v1_60\cy_vref_v1_60.v'.
Linking 'C:\Program Files (x86)\Cypress\PSoC Creator\4.0\PSoC Creator\psoc\content\cyprimitives\CyPrimitives.cylib\or_v1_0\or_v1_0.v'.
Linking 'C:\Program Files (x86)\Cypress\PSoC Creator\4.0\PSoC Creator\psoc\content\cycomponentlibrary\CyComponentLibrary.cylib\B_PWM_v3_30\B_PWM_v3_30.v'.
Linking 'C:\Program Files (x86)\Cypress\PSoC Creator\4.0\PSoC Creator\warp\lib\common\cypress.v'.
Linking 'C:\Program Files (x86)\Cypress\PSoC Creator\4.0\PSoC Creator\warp\lib\common\cy_psoc3_inc.v'.
Linking 'C:\Program Files (x86)\Cypress\PSoC Creator\4.0\PSoC Creator\psoc\content\cyprimitives\CyPrimitives.cylib\OneTerminal\OneTerminal.v'.
Linking 'C:\Program Files (x86)\Cypress\PSoC Creator\4.0\PSoC Creator\warp\lib\common\stdlogic\cy_psoc3pkg.vif'.
Linking 'C:\Program Files (x86)\Cypress\PSoC Creator\4.0\PSoC Creator\warp\lib\common\stdlogic\cy_psoc3.vif'.
Linking 'C:\Program Files (x86)\Cypress\PSoC Creator\4.0\PSoC Creator\warp\lib\lcpsoc3\stdlogic\mod_cnst.vif'.

tovif:  No errors.


======================================================================
Compiling:  LCD.v
Program  :   topld
Options  :    -yv2 -q10 -ygs -o2 -v3 -.fftcfgtype=LE -ya -.fftprj=C:\Users\EpikE\Documents\PSoC Creator\LCD\LCD.cydsn\LCD.cyprj -dcpsoc3 -verilog LCD.v
======================================================================

topld V6.3 IR 41:  Synthesis and optimization
Wed Mar 01 23:34:50 2017

Linking 'C:\Program Files (x86)\Cypress\PSoC Creator\4.0\PSoC Creator\warp\lib\common\std.vhd'.
Linking 'C:\Program Files (x86)\Cypress\PSoC Creator\4.0\PSoC Creator\warp\lib\common\cypress.vhd'.
Linking 'C:\Program Files (x86)\Cypress\PSoC Creator\4.0\PSoC Creator\warp\lib\common\work\cypress.vif'.
Linking 'C:\Program Files (x86)\Cypress\PSoC Creator\4.0\PSoC Creator\warp\lib\ieee\work\stdlogic.vif'.
Linking 'C:\Program Files (x86)\Cypress\PSoC Creator\4.0\PSoC Creator\warp\lib\common\stdlogic\lpmpkg.vif'.
Linking 'C:\Program Files (x86)\Cypress\PSoC Creator\4.0\PSoC Creator\warp\lib\common\stdlogic\rtlpkg.vif'.
Linking 'C:\Program Files (x86)\Cypress\PSoC Creator\4.0\PSoC Creator\warp\lib\common\stdlogic\mod_cnst.vif'.
Linking 'C:\Program Files (x86)\Cypress\PSoC Creator\4.0\PSoC Creator\warp\lib\common\stdlogic\mod_mthv.vif'.
Linking 'C:\Program Files (x86)\Cypress\PSoC Creator\4.0\PSoC Creator\warp\lib\common\stdlogic\mod_genv.vif'.
Linking 'C:\Users\EpikE\Documents\PSoC Creator\LCD\LCD.cydsn\codegentemp\LCD.ctl'.
Linking 'C:\Users\EpikE\Documents\PSoC Creator\LCD\LCD.cydsn\codegentemp\LCD.v'.
Linking 'C:\Program Files (x86)\Cypress\PSoC Creator\4.0\PSoC Creator\psoc\content\cyprimitives\CyPrimitives.cylib\cy_analog_virtualmux_v1_0\cy_analog_virtualmux_v1_0.v'.
Linking 'C:\Program Files (x86)\Cypress\PSoC Creator\4.0\PSoC Creator\psoc\content\cyprimitives\CyPrimitives.cylib\cy_constant_v1_0\cy_constant_v1_0.v'.
Linking 'C:\Program Files (x86)\Cypress\PSoC Creator\4.0\PSoC Creator\psoc\content\cyprimitives\CyPrimitives.cylib\ZeroTerminal\ZeroTerminal.v'.
Linking 'C:\Program Files (x86)\Cypress\PSoC Creator\4.0\PSoC Creator\psoc\content\cyprimitives\CyPrimitives.cylib\cy_virtualmux_v1_0\cy_virtualmux_v1_0.v'.
Linking 'C:\Program Files (x86)\Cypress\PSoC Creator\4.0\PSoC Creator\psoc\content\cyprimitives\CyPrimitives.cylib\cy_vref_v1_60\cy_vref_v1_60.v'.
Linking 'C:\Program Files (x86)\Cypress\PSoC Creator\4.0\PSoC Creator\psoc\content\cyprimitives\CyPrimitives.cylib\or_v1_0\or_v1_0.v'.
Linking 'C:\Program Files (x86)\Cypress\PSoC Creator\4.0\PSoC Creator\psoc\content\cycomponentlibrary\CyComponentLibrary.cylib\B_PWM_v3_30\B_PWM_v3_30.v'.
Linking 'C:\Program Files (x86)\Cypress\PSoC Creator\4.0\PSoC Creator\warp\lib\common\cypress.v'.
Linking 'C:\Program Files (x86)\Cypress\PSoC Creator\4.0\PSoC Creator\warp\lib\common\cy_psoc3_inc.v'.
Linking 'C:\Program Files (x86)\Cypress\PSoC Creator\4.0\PSoC Creator\psoc\content\cyprimitives\CyPrimitives.cylib\OneTerminal\OneTerminal.v'.
Linking 'C:\Program Files (x86)\Cypress\PSoC Creator\4.0\PSoC Creator\warp\lib\common\stdlogic\cy_psoc3pkg.vif'.
Linking 'C:\Program Files (x86)\Cypress\PSoC Creator\4.0\PSoC Creator\warp\lib\common\stdlogic\cy_psoc3.vif'.
Linking 'C:\Program Files (x86)\Cypress\PSoC Creator\4.0\PSoC Creator\warp\lib\lcpsoc3\stdlogic\mod_cnst.vif'.
Linking 'C:\Program Files (x86)\Cypress\PSoC Creator\4.0\PSoC Creator\warp\lib\lcpsoc3\stdlogic\cpsoc3.vif'.

----------------------------------------------------------
Detecting unused logic.
----------------------------------------------------------
    User names
	\ADC_SAR:Net_221\
	\ADC_SAR:Net_381\
	\PWM_1:PWMUDB:km_run\
	\PWM_1:PWMUDB:ctrl_cmpmode2_2\
	\PWM_1:PWMUDB:ctrl_cmpmode2_1\
	\PWM_1:PWMUDB:ctrl_cmpmode2_0\
	\PWM_1:PWMUDB:ctrl_cmpmode1_2\
	\PWM_1:PWMUDB:ctrl_cmpmode1_1\
	\PWM_1:PWMUDB:ctrl_cmpmode1_0\
	\PWM_1:PWMUDB:capt_rising\
	\PWM_1:PWMUDB:capt_falling\
	\PWM_1:PWMUDB:trig_rise\
	\PWM_1:PWMUDB:trig_fall\
	\PWM_1:PWMUDB:sc_kill\
	\PWM_1:PWMUDB:min_kill\
	\PWM_1:PWMUDB:km_tc\
	\PWM_1:PWMUDB:db_tc\
	\PWM_1:PWMUDB:dith_sel\
	\PWM_1:PWMUDB:compare2\
	\PWM_1:Net_101\
	Net_473
	Net_474
	\PWM_1:PWMUDB:MODULE_1:b_31\
	\PWM_1:PWMUDB:MODULE_1:b_30\
	\PWM_1:PWMUDB:MODULE_1:b_29\
	\PWM_1:PWMUDB:MODULE_1:b_28\
	\PWM_1:PWMUDB:MODULE_1:b_27\
	\PWM_1:PWMUDB:MODULE_1:b_26\
	\PWM_1:PWMUDB:MODULE_1:b_25\
	\PWM_1:PWMUDB:MODULE_1:b_24\
	\PWM_1:PWMUDB:MODULE_1:b_23\
	\PWM_1:PWMUDB:MODULE_1:b_22\
	\PWM_1:PWMUDB:MODULE_1:b_21\
	\PWM_1:PWMUDB:MODULE_1:b_20\
	\PWM_1:PWMUDB:MODULE_1:b_19\
	\PWM_1:PWMUDB:MODULE_1:b_18\
	\PWM_1:PWMUDB:MODULE_1:b_17\
	\PWM_1:PWMUDB:MODULE_1:b_16\
	\PWM_1:PWMUDB:MODULE_1:b_15\
	\PWM_1:PWMUDB:MODULE_1:b_14\
	\PWM_1:PWMUDB:MODULE_1:b_13\
	\PWM_1:PWMUDB:MODULE_1:b_12\
	\PWM_1:PWMUDB:MODULE_1:b_11\
	\PWM_1:PWMUDB:MODULE_1:b_10\
	\PWM_1:PWMUDB:MODULE_1:b_9\
	\PWM_1:PWMUDB:MODULE_1:b_8\
	\PWM_1:PWMUDB:MODULE_1:b_7\
	\PWM_1:PWMUDB:MODULE_1:b_6\
	\PWM_1:PWMUDB:MODULE_1:b_5\
	\PWM_1:PWMUDB:MODULE_1:b_4\
	\PWM_1:PWMUDB:MODULE_1:b_3\
	\PWM_1:PWMUDB:MODULE_1:b_2\
	\PWM_1:PWMUDB:MODULE_1:b_1\
	\PWM_1:PWMUDB:MODULE_1:b_0\
	\PWM_1:PWMUDB:MODULE_1:g2:a0:a_31\
	\PWM_1:PWMUDB:MODULE_1:g2:a0:a_30\
	\PWM_1:PWMUDB:MODULE_1:g2:a0:a_29\
	\PWM_1:PWMUDB:MODULE_1:g2:a0:a_28\
	\PWM_1:PWMUDB:MODULE_1:g2:a0:a_27\
	\PWM_1:PWMUDB:MODULE_1:g2:a0:a_26\
	\PWM_1:PWMUDB:MODULE_1:g2:a0:a_25\
	\PWM_1:PWMUDB:MODULE_1:g2:a0:a_24\
	\PWM_1:PWMUDB:MODULE_1:g2:a0:b_31\
	\PWM_1:PWMUDB:MODULE_1:g2:a0:b_30\
	\PWM_1:PWMUDB:MODULE_1:g2:a0:b_29\
	\PWM_1:PWMUDB:MODULE_1:g2:a0:b_28\
	\PWM_1:PWMUDB:MODULE_1:g2:a0:b_27\
	\PWM_1:PWMUDB:MODULE_1:g2:a0:b_26\
	\PWM_1:PWMUDB:MODULE_1:g2:a0:b_25\
	\PWM_1:PWMUDB:MODULE_1:g2:a0:b_24\
	\PWM_1:PWMUDB:MODULE_1:g2:a0:b_23\
	\PWM_1:PWMUDB:MODULE_1:g2:a0:b_22\
	\PWM_1:PWMUDB:MODULE_1:g2:a0:b_21\
	\PWM_1:PWMUDB:MODULE_1:g2:a0:b_20\
	\PWM_1:PWMUDB:MODULE_1:g2:a0:b_19\
	\PWM_1:PWMUDB:MODULE_1:g2:a0:b_18\
	\PWM_1:PWMUDB:MODULE_1:g2:a0:b_17\
	\PWM_1:PWMUDB:MODULE_1:g2:a0:b_16\
	\PWM_1:PWMUDB:MODULE_1:g2:a0:b_15\
	\PWM_1:PWMUDB:MODULE_1:g2:a0:b_14\
	\PWM_1:PWMUDB:MODULE_1:g2:a0:b_13\
	\PWM_1:PWMUDB:MODULE_1:g2:a0:b_12\
	\PWM_1:PWMUDB:MODULE_1:g2:a0:b_11\
	\PWM_1:PWMUDB:MODULE_1:g2:a0:b_10\
	\PWM_1:PWMUDB:MODULE_1:g2:a0:b_9\
	\PWM_1:PWMUDB:MODULE_1:g2:a0:b_8\
	\PWM_1:PWMUDB:MODULE_1:g2:a0:b_7\
	\PWM_1:PWMUDB:MODULE_1:g2:a0:b_6\
	\PWM_1:PWMUDB:MODULE_1:g2:a0:b_5\
	\PWM_1:PWMUDB:MODULE_1:g2:a0:b_4\
	\PWM_1:PWMUDB:MODULE_1:g2:a0:b_3\
	\PWM_1:PWMUDB:MODULE_1:g2:a0:b_2\
	\PWM_1:PWMUDB:MODULE_1:g2:a0:b_1\
	\PWM_1:PWMUDB:MODULE_1:g2:a0:b_0\
	\PWM_1:PWMUDB:MODULE_1:g2:a0:s_31\
	\PWM_1:PWMUDB:MODULE_1:g2:a0:s_30\
	\PWM_1:PWMUDB:MODULE_1:g2:a0:s_29\
	\PWM_1:PWMUDB:MODULE_1:g2:a0:s_28\
	\PWM_1:PWMUDB:MODULE_1:g2:a0:s_27\
	\PWM_1:PWMUDB:MODULE_1:g2:a0:s_26\
	\PWM_1:PWMUDB:MODULE_1:g2:a0:s_25\
	\PWM_1:PWMUDB:MODULE_1:g2:a0:s_24\
	\PWM_1:PWMUDB:MODULE_1:g2:a0:s_23\
	\PWM_1:PWMUDB:MODULE_1:g2:a0:s_22\
	\PWM_1:PWMUDB:MODULE_1:g2:a0:s_21\
	\PWM_1:PWMUDB:MODULE_1:g2:a0:s_20\
	\PWM_1:PWMUDB:MODULE_1:g2:a0:s_19\
	\PWM_1:PWMUDB:MODULE_1:g2:a0:s_18\
	\PWM_1:PWMUDB:MODULE_1:g2:a0:s_17\
	\PWM_1:PWMUDB:MODULE_1:g2:a0:s_16\
	\PWM_1:PWMUDB:MODULE_1:g2:a0:s_15\
	\PWM_1:PWMUDB:MODULE_1:g2:a0:s_14\
	\PWM_1:PWMUDB:MODULE_1:g2:a0:s_13\
	\PWM_1:PWMUDB:MODULE_1:g2:a0:s_12\
	\PWM_1:PWMUDB:MODULE_1:g2:a0:s_11\
	\PWM_1:PWMUDB:MODULE_1:g2:a0:s_10\
	\PWM_1:PWMUDB:MODULE_1:g2:a0:s_9\
	\PWM_1:PWMUDB:MODULE_1:g2:a0:s_8\
	\PWM_1:PWMUDB:MODULE_1:g2:a0:s_7\
	\PWM_1:PWMUDB:MODULE_1:g2:a0:s_6\
	\PWM_1:PWMUDB:MODULE_1:g2:a0:s_5\
	\PWM_1:PWMUDB:MODULE_1:g2:a0:s_4\
	\PWM_1:PWMUDB:MODULE_1:g2:a0:s_3\
	\PWM_1:PWMUDB:MODULE_1:g2:a0:s_2\
	\PWM_1:PWMUDB:MODULE_1:g2:a0:g1:z1:s0:g1:u0:c_31\
	\PWM_1:PWMUDB:MODULE_1:g2:a0:g1:z1:s0:g1:u0:c_30\
	\PWM_1:PWMUDB:MODULE_1:g2:a0:g1:z1:s0:g1:u0:c_29\
	\PWM_1:PWMUDB:MODULE_1:g2:a0:g1:z1:s0:g1:u0:c_28\
	\PWM_1:PWMUDB:MODULE_1:g2:a0:g1:z1:s0:g1:u0:c_27\
	\PWM_1:PWMUDB:MODULE_1:g2:a0:g1:z1:s0:g1:u0:c_26\
	\PWM_1:PWMUDB:MODULE_1:g2:a0:g1:z1:s0:g1:u0:c_25\
	Net_475
	Net_472
	\PWM_1:Net_113\
	\PWM_1:Net_107\
	\PWM_1:Net_114\

    Synthesized names
	\PWM_1:PWMUDB:add_vi_vv_MODGEN_1_31\
	\PWM_1:PWMUDB:add_vi_vv_MODGEN_1_30\
	\PWM_1:PWMUDB:add_vi_vv_MODGEN_1_29\
	\PWM_1:PWMUDB:add_vi_vv_MODGEN_1_28\
	\PWM_1:PWMUDB:add_vi_vv_MODGEN_1_27\
	\PWM_1:PWMUDB:add_vi_vv_MODGEN_1_26\
	\PWM_1:PWMUDB:add_vi_vv_MODGEN_1_25\
	\PWM_1:PWMUDB:add_vi_vv_MODGEN_1_24\
	\PWM_1:PWMUDB:add_vi_vv_MODGEN_1_23\
	\PWM_1:PWMUDB:add_vi_vv_MODGEN_1_22\
	\PWM_1:PWMUDB:add_vi_vv_MODGEN_1_21\
	\PWM_1:PWMUDB:add_vi_vv_MODGEN_1_20\
	\PWM_1:PWMUDB:add_vi_vv_MODGEN_1_19\
	\PWM_1:PWMUDB:add_vi_vv_MODGEN_1_18\
	\PWM_1:PWMUDB:add_vi_vv_MODGEN_1_17\
	\PWM_1:PWMUDB:add_vi_vv_MODGEN_1_16\
	\PWM_1:PWMUDB:add_vi_vv_MODGEN_1_15\
	\PWM_1:PWMUDB:add_vi_vv_MODGEN_1_14\
	\PWM_1:PWMUDB:add_vi_vv_MODGEN_1_13\
	\PWM_1:PWMUDB:add_vi_vv_MODGEN_1_12\
	\PWM_1:PWMUDB:add_vi_vv_MODGEN_1_11\
	\PWM_1:PWMUDB:add_vi_vv_MODGEN_1_10\
	\PWM_1:PWMUDB:add_vi_vv_MODGEN_1_9\
	\PWM_1:PWMUDB:add_vi_vv_MODGEN_1_8\
	\PWM_1:PWMUDB:add_vi_vv_MODGEN_1_7\
	\PWM_1:PWMUDB:add_vi_vv_MODGEN_1_6\
	\PWM_1:PWMUDB:add_vi_vv_MODGEN_1_5\
	\PWM_1:PWMUDB:add_vi_vv_MODGEN_1_4\
	\PWM_1:PWMUDB:add_vi_vv_MODGEN_1_3\
	\PWM_1:PWMUDB:add_vi_vv_MODGEN_1_2\

Deleted 136 User equations/components.
Deleted 30 Synthesized equations/components.

------------------------------------------------------
Alias Detection
------------------------------------------------------
Aliasing \LCD:tmpOE__LCDPort_net_5\ to \LCD:tmpOE__LCDPort_net_6\
Aliasing \LCD:tmpOE__LCDPort_net_4\ to \LCD:tmpOE__LCDPort_net_6\
Aliasing \LCD:tmpOE__LCDPort_net_3\ to \LCD:tmpOE__LCDPort_net_6\
Aliasing \LCD:tmpOE__LCDPort_net_2\ to \LCD:tmpOE__LCDPort_net_6\
Aliasing \LCD:tmpOE__LCDPort_net_1\ to \LCD:tmpOE__LCDPort_net_6\
Aliasing \LCD:tmpOE__LCDPort_net_0\ to \LCD:tmpOE__LCDPort_net_6\
Aliasing one to \LCD:tmpOE__LCDPort_net_6\
Aliasing Net_470 to zero
Aliasing \ADC_SAR:vp_ctl_0\ to zero
Aliasing \ADC_SAR:vp_ctl_2\ to zero
Aliasing \ADC_SAR:vn_ctl_1\ to zero
Aliasing \ADC_SAR:vn_ctl_3\ to zero
Aliasing \ADC_SAR:vp_ctl_1\ to zero
Aliasing \ADC_SAR:vp_ctl_3\ to zero
Aliasing \ADC_SAR:vn_ctl_0\ to zero
Aliasing \ADC_SAR:vn_ctl_2\ to zero
Aliasing \ADC_SAR:tmpOE__Bypass_net_0\ to \LCD:tmpOE__LCDPort_net_6\
Aliasing \PWM_1:PWMUDB:hwCapture\ to zero
Aliasing \PWM_1:PWMUDB:trig_out\ to \LCD:tmpOE__LCDPort_net_6\
Aliasing \PWM_1:PWMUDB:runmode_enable\\S\ to zero
Aliasing \PWM_1:PWMUDB:ltch_kill_reg\\R\ to \PWM_1:PWMUDB:runmode_enable\\R\
Aliasing \PWM_1:PWMUDB:ltch_kill_reg\\S\ to zero
Aliasing \PWM_1:PWMUDB:min_kill_reg\\R\ to \PWM_1:PWMUDB:runmode_enable\\R\
Aliasing \PWM_1:PWMUDB:min_kill_reg\\S\ to zero
Aliasing \PWM_1:PWMUDB:final_kill\ to \LCD:tmpOE__LCDPort_net_6\
Aliasing \PWM_1:PWMUDB:dith_count_1\\R\ to \PWM_1:PWMUDB:runmode_enable\\R\
Aliasing \PWM_1:PWMUDB:dith_count_1\\S\ to zero
Aliasing \PWM_1:PWMUDB:dith_count_0\\R\ to \PWM_1:PWMUDB:runmode_enable\\R\
Aliasing \PWM_1:PWMUDB:dith_count_0\\S\ to zero
Aliasing \PWM_1:PWMUDB:status_6\ to zero
Aliasing \PWM_1:PWMUDB:status_4\ to zero
Aliasing \PWM_1:PWMUDB:cmp2\ to zero
Aliasing \PWM_1:PWMUDB:cmp1_status_reg\\R\ to \PWM_1:PWMUDB:runmode_enable\\R\
Aliasing \PWM_1:PWMUDB:cmp1_status_reg\\S\ to zero
Aliasing \PWM_1:PWMUDB:cmp2_status_reg\\R\ to \PWM_1:PWMUDB:runmode_enable\\R\
Aliasing \PWM_1:PWMUDB:cmp2_status_reg\\S\ to zero
Aliasing \PWM_1:PWMUDB:final_kill_reg\\R\ to \PWM_1:PWMUDB:runmode_enable\\R\
Aliasing \PWM_1:PWMUDB:final_kill_reg\\S\ to zero
Aliasing \PWM_1:PWMUDB:cs_addr_0\ to \PWM_1:PWMUDB:runmode_enable\\R\
Aliasing \PWM_1:PWMUDB:pwm1_i\ to zero
Aliasing \PWM_1:PWMUDB:pwm2_i\ to zero
Aliasing \PWM_1:PWMUDB:MODULE_1:g2:a0:a_23\ to zero
Aliasing \PWM_1:PWMUDB:MODULE_1:g2:a0:a_22\ to zero
Aliasing \PWM_1:PWMUDB:MODULE_1:g2:a0:a_21\ to zero
Aliasing \PWM_1:PWMUDB:MODULE_1:g2:a0:a_20\ to zero
Aliasing \PWM_1:PWMUDB:MODULE_1:g2:a0:a_19\ to zero
Aliasing \PWM_1:PWMUDB:MODULE_1:g2:a0:a_18\ to zero
Aliasing \PWM_1:PWMUDB:MODULE_1:g2:a0:a_17\ to zero
Aliasing \PWM_1:PWMUDB:MODULE_1:g2:a0:a_16\ to zero
Aliasing \PWM_1:PWMUDB:MODULE_1:g2:a0:a_15\ to zero
Aliasing \PWM_1:PWMUDB:MODULE_1:g2:a0:a_14\ to zero
Aliasing \PWM_1:PWMUDB:MODULE_1:g2:a0:a_13\ to zero
Aliasing \PWM_1:PWMUDB:MODULE_1:g2:a0:a_12\ to zero
Aliasing \PWM_1:PWMUDB:MODULE_1:g2:a0:a_11\ to zero
Aliasing \PWM_1:PWMUDB:MODULE_1:g2:a0:a_10\ to zero
Aliasing \PWM_1:PWMUDB:MODULE_1:g2:a0:a_9\ to zero
Aliasing \PWM_1:PWMUDB:MODULE_1:g2:a0:a_8\ to zero
Aliasing \PWM_1:PWMUDB:MODULE_1:g2:a0:a_7\ to zero
Aliasing \PWM_1:PWMUDB:MODULE_1:g2:a0:a_6\ to zero
Aliasing \PWM_1:PWMUDB:MODULE_1:g2:a0:a_5\ to zero
Aliasing \PWM_1:PWMUDB:MODULE_1:g2:a0:a_4\ to zero
Aliasing \PWM_1:PWMUDB:MODULE_1:g2:a0:a_3\ to zero
Aliasing \PWM_1:PWMUDB:MODULE_1:g2:a0:a_2\ to zero
Aliasing \PWM_1:PWMUDB:MODULE_1:g2:a0:g1:z1:s0:g1:u0:b_0\ to \LCD:tmpOE__LCDPort_net_6\
Aliasing tmpOE__MIC_net_0 to \LCD:tmpOE__LCDPort_net_6\
Aliasing tmpOE__PWM_Out_net_0 to \LCD:tmpOE__LCDPort_net_6\
Aliasing \PWM_1:PWMUDB:min_kill_reg\\D\ to \LCD:tmpOE__LCDPort_net_6\
Aliasing \PWM_1:PWMUDB:prevCapture\\D\ to zero
Aliasing \PWM_1:PWMUDB:trig_last\\D\ to zero
Aliasing \PWM_1:PWMUDB:ltch_kill_reg\\D\ to \LCD:tmpOE__LCDPort_net_6\
Aliasing \PWM_1:PWMUDB:prevCompare1\\D\ to \PWM_1:PWMUDB:pwm_temp\
Aliasing \PWM_1:PWMUDB:tc_i_reg\\D\ to \PWM_1:PWMUDB:status_2\
Removing Lhs of wire \LCD:tmpOE__LCDPort_net_5\[2] = \LCD:tmpOE__LCDPort_net_6\[1]
Removing Lhs of wire \LCD:tmpOE__LCDPort_net_4\[3] = \LCD:tmpOE__LCDPort_net_6\[1]
Removing Lhs of wire \LCD:tmpOE__LCDPort_net_3\[4] = \LCD:tmpOE__LCDPort_net_6\[1]
Removing Lhs of wire \LCD:tmpOE__LCDPort_net_2\[5] = \LCD:tmpOE__LCDPort_net_6\[1]
Removing Lhs of wire \LCD:tmpOE__LCDPort_net_1\[6] = \LCD:tmpOE__LCDPort_net_6\[1]
Removing Lhs of wire \LCD:tmpOE__LCDPort_net_0\[7] = \LCD:tmpOE__LCDPort_net_6\[1]
Removing Rhs of wire one[24] = \LCD:tmpOE__LCDPort_net_6\[1]
Removing Lhs of wire Net_470[31] = zero[8]
Removing Lhs of wire \ADC_SAR:vp_ctl_0\[37] = zero[8]
Removing Lhs of wire \ADC_SAR:vp_ctl_2\[38] = zero[8]
Removing Lhs of wire \ADC_SAR:vn_ctl_1\[39] = zero[8]
Removing Lhs of wire \ADC_SAR:vn_ctl_3\[40] = zero[8]
Removing Lhs of wire \ADC_SAR:vp_ctl_1\[41] = zero[8]
Removing Lhs of wire \ADC_SAR:vp_ctl_3\[42] = zero[8]
Removing Lhs of wire \ADC_SAR:vn_ctl_0\[43] = zero[8]
Removing Lhs of wire \ADC_SAR:vn_ctl_2\[44] = zero[8]
Removing Lhs of wire \ADC_SAR:Net_188\[45] = Net_486[46]
Removing Rhs of wire Net_485[51] = \PWM_1:Net_96\[259]
Removing Rhs of wire Net_485[51] = \PWM_1:PWMUDB:pwm_i_reg\[251]
Removing Lhs of wire \ADC_SAR:tmpOE__Bypass_net_0\[69] = one[24]
Removing Lhs of wire \PWM_1:PWMUDB:ctrl_enable\[101] = \PWM_1:PWMUDB:control_7\[93]
Removing Lhs of wire \PWM_1:PWMUDB:hwCapture\[111] = zero[8]
Removing Lhs of wire \PWM_1:PWMUDB:hwEnable\[112] = \PWM_1:PWMUDB:control_7\[93]
Removing Lhs of wire \PWM_1:PWMUDB:trig_out\[116] = one[24]
Removing Lhs of wire \PWM_1:PWMUDB:runmode_enable\\R\[118] = zero[8]
Removing Lhs of wire \PWM_1:PWMUDB:runmode_enable\\S\[119] = zero[8]
Removing Lhs of wire \PWM_1:PWMUDB:final_enable\[120] = \PWM_1:PWMUDB:runmode_enable\[117]
Removing Lhs of wire \PWM_1:PWMUDB:ltch_kill_reg\\R\[124] = zero[8]
Removing Lhs of wire \PWM_1:PWMUDB:ltch_kill_reg\\S\[125] = zero[8]
Removing Lhs of wire \PWM_1:PWMUDB:min_kill_reg\\R\[126] = zero[8]
Removing Lhs of wire \PWM_1:PWMUDB:min_kill_reg\\S\[127] = zero[8]
Removing Lhs of wire \PWM_1:PWMUDB:final_kill\[130] = one[24]
Removing Lhs of wire \PWM_1:PWMUDB:add_vi_vv_MODGEN_1_1\[134] = \PWM_1:PWMUDB:MODULE_1:g2:a0:s_1\[421]
Removing Lhs of wire \PWM_1:PWMUDB:add_vi_vv_MODGEN_1_0\[136] = \PWM_1:PWMUDB:MODULE_1:g2:a0:s_0\[422]
Removing Lhs of wire \PWM_1:PWMUDB:dith_count_1\\R\[137] = zero[8]
Removing Lhs of wire \PWM_1:PWMUDB:dith_count_1\\S\[138] = zero[8]
Removing Lhs of wire \PWM_1:PWMUDB:dith_count_0\\R\[139] = zero[8]
Removing Lhs of wire \PWM_1:PWMUDB:dith_count_0\\S\[140] = zero[8]
Removing Lhs of wire \PWM_1:PWMUDB:status_6\[143] = zero[8]
Removing Rhs of wire \PWM_1:PWMUDB:status_5\[144] = \PWM_1:PWMUDB:final_kill_reg\[158]
Removing Lhs of wire \PWM_1:PWMUDB:status_4\[145] = zero[8]
Removing Rhs of wire \PWM_1:PWMUDB:status_3\[146] = \PWM_1:PWMUDB:fifo_full\[165]
Removing Rhs of wire \PWM_1:PWMUDB:status_1\[148] = \PWM_1:PWMUDB:cmp2_status_reg\[157]
Removing Rhs of wire \PWM_1:PWMUDB:status_0\[149] = \PWM_1:PWMUDB:cmp1_status_reg\[156]
Removing Lhs of wire \PWM_1:PWMUDB:cmp2_status\[154] = zero[8]
Removing Lhs of wire \PWM_1:PWMUDB:cmp2\[155] = zero[8]
Removing Lhs of wire \PWM_1:PWMUDB:cmp1_status_reg\\R\[159] = zero[8]
Removing Lhs of wire \PWM_1:PWMUDB:cmp1_status_reg\\S\[160] = zero[8]
Removing Lhs of wire \PWM_1:PWMUDB:cmp2_status_reg\\R\[161] = zero[8]
Removing Lhs of wire \PWM_1:PWMUDB:cmp2_status_reg\\S\[162] = zero[8]
Removing Lhs of wire \PWM_1:PWMUDB:final_kill_reg\\R\[163] = zero[8]
Removing Lhs of wire \PWM_1:PWMUDB:final_kill_reg\\S\[164] = zero[8]
Removing Lhs of wire \PWM_1:PWMUDB:cs_addr_2\[166] = \PWM_1:PWMUDB:tc_i\[122]
Removing Lhs of wire \PWM_1:PWMUDB:cs_addr_1\[167] = \PWM_1:PWMUDB:runmode_enable\[117]
Removing Lhs of wire \PWM_1:PWMUDB:cs_addr_0\[168] = zero[8]
Removing Lhs of wire \PWM_1:PWMUDB:compare1\[249] = \PWM_1:PWMUDB:cmp1_less\[220]
Removing Lhs of wire \PWM_1:PWMUDB:pwm1_i\[254] = zero[8]
Removing Lhs of wire \PWM_1:PWMUDB:pwm2_i\[256] = zero[8]
Removing Lhs of wire \PWM_1:PWMUDB:pwm_temp\[262] = \PWM_1:PWMUDB:cmp1\[152]
Removing Lhs of wire \PWM_1:PWMUDB:MODULE_1:g2:a0:a_23\[303] = zero[8]
Removing Lhs of wire \PWM_1:PWMUDB:MODULE_1:g2:a0:a_22\[304] = zero[8]
Removing Lhs of wire \PWM_1:PWMUDB:MODULE_1:g2:a0:a_21\[305] = zero[8]
Removing Lhs of wire \PWM_1:PWMUDB:MODULE_1:g2:a0:a_20\[306] = zero[8]
Removing Lhs of wire \PWM_1:PWMUDB:MODULE_1:g2:a0:a_19\[307] = zero[8]
Removing Lhs of wire \PWM_1:PWMUDB:MODULE_1:g2:a0:a_18\[308] = zero[8]
Removing Lhs of wire \PWM_1:PWMUDB:MODULE_1:g2:a0:a_17\[309] = zero[8]
Removing Lhs of wire \PWM_1:PWMUDB:MODULE_1:g2:a0:a_16\[310] = zero[8]
Removing Lhs of wire \PWM_1:PWMUDB:MODULE_1:g2:a0:a_15\[311] = zero[8]
Removing Lhs of wire \PWM_1:PWMUDB:MODULE_1:g2:a0:a_14\[312] = zero[8]
Removing Lhs of wire \PWM_1:PWMUDB:MODULE_1:g2:a0:a_13\[313] = zero[8]
Removing Lhs of wire \PWM_1:PWMUDB:MODULE_1:g2:a0:a_12\[314] = zero[8]
Removing Lhs of wire \PWM_1:PWMUDB:MODULE_1:g2:a0:a_11\[315] = zero[8]
Removing Lhs of wire \PWM_1:PWMUDB:MODULE_1:g2:a0:a_10\[316] = zero[8]
Removing Lhs of wire \PWM_1:PWMUDB:MODULE_1:g2:a0:a_9\[317] = zero[8]
Removing Lhs of wire \PWM_1:PWMUDB:MODULE_1:g2:a0:a_8\[318] = zero[8]
Removing Lhs of wire \PWM_1:PWMUDB:MODULE_1:g2:a0:a_7\[319] = zero[8]
Removing Lhs of wire \PWM_1:PWMUDB:MODULE_1:g2:a0:a_6\[320] = zero[8]
Removing Lhs of wire \PWM_1:PWMUDB:MODULE_1:g2:a0:a_5\[321] = zero[8]
Removing Lhs of wire \PWM_1:PWMUDB:MODULE_1:g2:a0:a_4\[322] = zero[8]
Removing Lhs of wire \PWM_1:PWMUDB:MODULE_1:g2:a0:a_3\[323] = zero[8]
Removing Lhs of wire \PWM_1:PWMUDB:MODULE_1:g2:a0:a_2\[324] = zero[8]
Removing Lhs of wire \PWM_1:PWMUDB:MODULE_1:g2:a0:a_1\[325] = \PWM_1:PWMUDB:MODIN1_1\[326]
Removing Lhs of wire \PWM_1:PWMUDB:MODIN1_1\[326] = \PWM_1:PWMUDB:dith_count_1\[133]
Removing Lhs of wire \PWM_1:PWMUDB:MODULE_1:g2:a0:a_0\[327] = \PWM_1:PWMUDB:MODIN1_0\[328]
Removing Lhs of wire \PWM_1:PWMUDB:MODIN1_0\[328] = \PWM_1:PWMUDB:dith_count_0\[135]
Removing Lhs of wire \PWM_1:PWMUDB:MODULE_1:g2:a0:g1:z1:s0:g1:u0:c_0\[460] = one[24]
Removing Lhs of wire \PWM_1:PWMUDB:MODULE_1:g2:a0:g1:z1:s0:g1:u0:b_0\[461] = one[24]
Removing Lhs of wire tmpOE__MIC_net_0[468] = one[24]
Removing Lhs of wire tmpOE__PWM_Out_net_0[475] = one[24]
Removing Lhs of wire \PWM_1:PWMUDB:min_kill_reg\\D\[482] = one[24]
Removing Lhs of wire \PWM_1:PWMUDB:prevCapture\\D\[483] = zero[8]
Removing Lhs of wire \PWM_1:PWMUDB:trig_last\\D\[484] = zero[8]
Removing Lhs of wire \PWM_1:PWMUDB:ltch_kill_reg\\D\[487] = one[24]
Removing Lhs of wire \PWM_1:PWMUDB:prevCompare1\\D\[490] = \PWM_1:PWMUDB:cmp1\[152]
Removing Lhs of wire \PWM_1:PWMUDB:cmp1_status_reg\\D\[491] = \PWM_1:PWMUDB:cmp1_status\[153]
Removing Lhs of wire \PWM_1:PWMUDB:cmp2_status_reg\\D\[492] = zero[8]
Removing Lhs of wire \PWM_1:PWMUDB:pwm_i_reg\\D\[494] = \PWM_1:PWMUDB:pwm_i\[252]
Removing Lhs of wire \PWM_1:PWMUDB:pwm1_i_reg\\D\[495] = zero[8]
Removing Lhs of wire \PWM_1:PWMUDB:pwm2_i_reg\\D\[496] = zero[8]
Removing Lhs of wire \PWM_1:PWMUDB:tc_i_reg\\D\[497] = \PWM_1:PWMUDB:status_2\[147]

------------------------------------------------------
Aliased 0 equations, 100 wires.
------------------------------------------------------

----------------------------------------------------------
Circuit simplification
----------------------------------------------------------

Substituting virtuals - pass 1:

Note:  Expanding virtual equation for 'one' (cost = 0):
one <=  ('1') ;

Note:  Expanding virtual equation for 'zero' (cost = 0):
zero <=  ('0') ;

Note:  Expanding virtual equation for '\PWM_1:PWMUDB:cmp1\' (cost = 0):
\PWM_1:PWMUDB:cmp1\ <= (\PWM_1:PWMUDB:cmp1_less\);

Note:  Expanding virtual equation for '\PWM_1:PWMUDB:MODULE_1:g2:a0:g1:z1:s0:g1:u0:c_1\' (cost = 0):
\PWM_1:PWMUDB:MODULE_1:g2:a0:g1:z1:s0:g1:u0:c_1\ <= (\PWM_1:PWMUDB:dith_count_0\);

Note:  Expanding virtual equation for '\PWM_1:PWMUDB:MODULE_1:g2:a0:s_0\' (cost = 0):
\PWM_1:PWMUDB:MODULE_1:g2:a0:s_0\ <= (not \PWM_1:PWMUDB:dith_count_0\);

Note:  Expanding virtual equation for '\PWM_1:PWMUDB:MODULE_1:g2:a0:g1:z1:s0:g1:u0:c_17\' (cost = 0):
\PWM_1:PWMUDB:MODULE_1:g2:a0:g1:z1:s0:g1:u0:c_17\ <=  ('0') ;

Note:  Expanding virtual equation for '\PWM_1:PWMUDB:MODULE_1:g2:a0:g1:z1:s0:g1:u0:c_9\' (cost = 0):
\PWM_1:PWMUDB:MODULE_1:g2:a0:g1:z1:s0:g1:u0:c_9\ <=  ('0') ;

Note:  Expanding virtual equation for '\PWM_1:PWMUDB:MODULE_1:g2:a0:g1:z1:s0:g1:u0:c_2\' (cost = 0):
\PWM_1:PWMUDB:MODULE_1:g2:a0:g1:z1:s0:g1:u0:c_2\ <= ((\PWM_1:PWMUDB:dith_count_1\ and \PWM_1:PWMUDB:dith_count_0\));


Substituting virtuals - pass 2:

Note:  Expanding virtual equation for '\PWM_1:PWMUDB:MODULE_1:g2:a0:s_1\' (cost = 2):
\PWM_1:PWMUDB:MODULE_1:g2:a0:s_1\ <= ((not \PWM_1:PWMUDB:dith_count_0\ and \PWM_1:PWMUDB:dith_count_1\)
	OR (not \PWM_1:PWMUDB:dith_count_1\ and \PWM_1:PWMUDB:dith_count_0\));

Note:  Expanding virtual equation for '\PWM_1:PWMUDB:MODULE_1:g2:a0:g1:z1:s0:g1:u0:c_18\' (cost = 0):
\PWM_1:PWMUDB:MODULE_1:g2:a0:g1:z1:s0:g1:u0:c_18\ <=  ('0') ;

Note:  Expanding virtual equation for '\PWM_1:PWMUDB:MODULE_1:g2:a0:g1:z1:s0:g1:u0:c_10\' (cost = 0):
\PWM_1:PWMUDB:MODULE_1:g2:a0:g1:z1:s0:g1:u0:c_10\ <=  ('0') ;

Note:  Expanding virtual equation for '\PWM_1:PWMUDB:MODULE_1:g2:a0:g1:z1:s0:g1:u0:c_3\' (cost = 0):
\PWM_1:PWMUDB:MODULE_1:g2:a0:g1:z1:s0:g1:u0:c_3\ <=  ('0') ;


Substituting virtuals - pass 3:

Note:  Expanding virtual equation for '\PWM_1:PWMUDB:MODULE_1:g2:a0:g1:z1:s0:g1:u0:c_19\' (cost = 0):
\PWM_1:PWMUDB:MODULE_1:g2:a0:g1:z1:s0:g1:u0:c_19\ <=  ('0') ;

Note:  Expanding virtual equation for '\PWM_1:PWMUDB:MODULE_1:g2:a0:g1:z1:s0:g1:u0:c_11\' (cost = 0):
\PWM_1:PWMUDB:MODULE_1:g2:a0:g1:z1:s0:g1:u0:c_11\ <=  ('0') ;

Note:  Expanding virtual equation for '\PWM_1:PWMUDB:MODULE_1:g2:a0:g1:z1:s0:g1:u0:c_4\' (cost = 0):
\PWM_1:PWMUDB:MODULE_1:g2:a0:g1:z1:s0:g1:u0:c_4\ <=  ('0') ;


Substituting virtuals - pass 4:

Note:  Expanding virtual equation for '\PWM_1:PWMUDB:MODULE_1:g2:a0:g1:z1:s0:g1:u0:c_20\' (cost = 0):
\PWM_1:PWMUDB:MODULE_1:g2:a0:g1:z1:s0:g1:u0:c_20\ <=  ('0') ;

Note:  Expanding virtual equation for '\PWM_1:PWMUDB:MODULE_1:g2:a0:g1:z1:s0:g1:u0:c_12\' (cost = 0):
\PWM_1:PWMUDB:MODULE_1:g2:a0:g1:z1:s0:g1:u0:c_12\ <=  ('0') ;

Note:  Expanding virtual equation for '\PWM_1:PWMUDB:MODULE_1:g2:a0:g1:z1:s0:g1:u0:c_5\' (cost = 0):
\PWM_1:PWMUDB:MODULE_1:g2:a0:g1:z1:s0:g1:u0:c_5\ <=  ('0') ;


Substituting virtuals - pass 5:

Note:  Expanding virtual equation for '\PWM_1:PWMUDB:MODULE_1:g2:a0:g1:z1:s0:g1:u0:c_21\' (cost = 0):
\PWM_1:PWMUDB:MODULE_1:g2:a0:g1:z1:s0:g1:u0:c_21\ <=  ('0') ;

Note:  Expanding virtual equation for '\PWM_1:PWMUDB:MODULE_1:g2:a0:g1:z1:s0:g1:u0:c_13\' (cost = 0):
\PWM_1:PWMUDB:MODULE_1:g2:a0:g1:z1:s0:g1:u0:c_13\ <=  ('0') ;

Note:  Expanding virtual equation for '\PWM_1:PWMUDB:MODULE_1:g2:a0:g1:z1:s0:g1:u0:c_6\' (cost = 0):
\PWM_1:PWMUDB:MODULE_1:g2:a0:g1:z1:s0:g1:u0:c_6\ <=  ('0') ;


Substituting virtuals - pass 6:

Note:  Expanding virtual equation for '\PWM_1:PWMUDB:MODULE_1:g2:a0:g1:z1:s0:g1:u0:c_22\' (cost = 0):
\PWM_1:PWMUDB:MODULE_1:g2:a0:g1:z1:s0:g1:u0:c_22\ <=  ('0') ;

Note:  Expanding virtual equation for '\PWM_1:PWMUDB:MODULE_1:g2:a0:g1:z1:s0:g1:u0:c_14\' (cost = 0):
\PWM_1:PWMUDB:MODULE_1:g2:a0:g1:z1:s0:g1:u0:c_14\ <=  ('0') ;

Note:  Expanding virtual equation for '\PWM_1:PWMUDB:MODULE_1:g2:a0:g1:z1:s0:g1:u0:c_7\' (cost = 0):
\PWM_1:PWMUDB:MODULE_1:g2:a0:g1:z1:s0:g1:u0:c_7\ <=  ('0') ;


Substituting virtuals - pass 7:

Note:  Expanding virtual equation for '\PWM_1:PWMUDB:MODULE_1:g2:a0:g1:z1:s0:g1:u0:c_23\' (cost = 0):
\PWM_1:PWMUDB:MODULE_1:g2:a0:g1:z1:s0:g1:u0:c_23\ <=  ('0') ;

Note:  Expanding virtual equation for '\PWM_1:PWMUDB:MODULE_1:g2:a0:g1:z1:s0:g1:u0:c_15\' (cost = 0):
\PWM_1:PWMUDB:MODULE_1:g2:a0:g1:z1:s0:g1:u0:c_15\ <=  ('0') ;


Substituting virtuals - pass 8:


----------------------------------------------------------
Circuit simplification results:

	Expanded 26 signals.
	Turned 0 signals into soft nodes.
	Maximum default expansion cost was set at 3.
----------------------------------------------------------

------------------------------------------------------
Alias Detection
------------------------------------------------------
Aliasing \PWM_1:PWMUDB:final_capture\ to zero
Aliasing \PWM_1:PWMUDB:MODULE_1:g2:a0:g1:z1:s0:g1:u0:b_24\ to zero
Aliasing \PWM_1:PWMUDB:MODULE_1:g2:a0:g1:z1:s0:g1:u0:b_16\ to zero
Aliasing \PWM_1:PWMUDB:MODULE_1:g2:a0:g1:z1:s0:g1:u0:b_8\ to zero
Aliasing \PWM_1:PWMUDB:final_kill_reg\\D\ to zero
Removing Lhs of wire \PWM_1:PWMUDB:final_capture\[170] = zero[8]
Removing Lhs of wire \PWM_1:PWMUDB:MODULE_1:g2:a0:g1:z1:s0:g1:u0:b_24\[431] = zero[8]
Removing Lhs of wire \PWM_1:PWMUDB:MODULE_1:g2:a0:g1:z1:s0:g1:u0:b_16\[441] = zero[8]
Removing Lhs of wire \PWM_1:PWMUDB:MODULE_1:g2:a0:g1:z1:s0:g1:u0:b_8\[451] = zero[8]
Removing Lhs of wire \PWM_1:PWMUDB:runmode_enable\\D\[485] = \PWM_1:PWMUDB:control_7\[93]
Removing Lhs of wire \PWM_1:PWMUDB:final_kill_reg\\D\[493] = zero[8]

------------------------------------------------------
Aliased 0 equations, 6 wires.
------------------------------------------------------

----------------------------------------------------------
Circuit simplification
----------------------------------------------------------

Eliminating unused logic - pass 1:


Eliminating unused logic - pass 2:


Substituting virtuals - pass 1:


----------------------------------------------------------
Circuit simplification results:

	Expanded 0 signals.
	Turned 0 signals into soft nodes.
	Maximum default expansion cost was set at 3.
----------------------------------------------------------

topld:  No errors.

CYPRESS_DIR    : C:\Program Files (x86)\Cypress\PSoC Creator\4.0\PSoC Creator\warp
Warp Program   : C:\Program Files (x86)\Cypress\PSoC Creator\4.0\PSoC Creator\warp\bin\warp.exe
Warp Arguments : -yv2 -q10 -ygs -o2 -v3 -.fftcfgtype=LE -ya "-.fftprj=C:\Users\EpikE\Documents\PSoC Creator\LCD\LCD.cydsn\LCD.cyprj" -dcpsoc3 LCD.v -verilog
</CYPRESSTAG>
Warp synthesis phase: Elapsed time ==> 0s.850ms
<CYPRESSTAG name="Fitter results...">
<CYPRESSTAG name="Fitter startup details...">
cyp3fit: V4.0.0.432, Family: PSoC3, Started at: Wednesday, 01 March 2017 23:34:50
Options: -yv2 -q10 -ygs -o2 -v3 -.fftcfgtype=LE -ya -.fftprj=C:\Users\EpikE\Documents\PSoC Creator\LCD\LCD.cydsn\LCD.cyprj -d CY8C5888LTI-LP097 LCD.v -verilog
</CYPRESSTAG>
<CYPRESSTAG name="Design parsing">
Design parsing phase: Elapsed time ==> 0s.015ms
</CYPRESSTAG>
<CYPRESSTAG name="Tech Mapping">
<CYPRESSTAG name="Initial Mapping" icon="FILE_RPT_TECHM">
    Removed wire end \PWM_1:PWMUDB:MODULE_1:g2:a0:g1:z1:s0:g1:u0:c_24\ kept zero
    Removed wire end \PWM_1:PWMUDB:MODULE_1:g2:a0:g1:z1:s0:g1:u0:c_16\ kept zero
    Removed wire end \PWM_1:PWMUDB:MODULE_1:g2:a0:g1:z1:s0:g1:u0:c_8\ kept zero
    Converted constant MacroCell: \PWM_1:PWMUDB:prevCapture\ from registered to combinatorial
    Converted constant MacroCell: \PWM_1:PWMUDB:trig_last\ from registered to combinatorial
    Converted constant MacroCell: \PWM_1:PWMUDB:status_1\ from registered to combinatorial
    Converted constant MacroCell: \PWM_1:PWMUDB:status_5\ from registered to combinatorial
    Converted constant MacroCell: \PWM_1:PWMUDB:pwm1_i_reg\ from registered to combinatorial
    Converted constant MacroCell: \PWM_1:PWMUDB:pwm2_i_reg\ from registered to combinatorial
<CYPRESSTAG name="Global Clock Selection" icon="FILE_RPT_TECHM">
    Digital Clock 0: Automatic-assigning  clock 'Clock_1'. Fanout=1, Signal=Net_471
    Analog  Clock 0: Automatic-assigning  clock 'Clock_2'. Fanout=2, Signal=Net_486
</CYPRESSTAG>

Removing unused cells resulting from optimization
Done removing unused cells.
<CYPRESSTAG name="UDB Clock/Enable Remapping Results">
    UDB Clk/Enable \PWM_1:PWMUDB:clock_enable_block\: with output requested to be synchronous
        ClockIn: Clock_1 was determined to be a global clock that is synchronous to BUS_CLK
        EnableIn: Constant 1 was determined to be synchronous to ClockIn
        ClockOut: Clock_1, EnableOut: Constant 1
</CYPRESSTAG>
ADD: pft.M0040: information: The following 1 pin(s) will be assigned a location by the fitter: \ADC_SAR:Bypass(0)\


Removing unused cells resulting from optimization
Done removing unused cells.
<CYPRESSTAG name="Duplicate Macrocell detection">
</CYPRESSTAG>
</CYPRESSTAG>
<CYPRESSTAG name="Duplicate Macrocell detection">

Removing unused cells resulting from optimization
Done removing unused cells.
</CYPRESSTAG>
<CYPRESSTAG name="Design Equations" icon="FILE_RPT_EQUATION">

------------------------------------------------------------
Design Equations
------------------------------------------------------------
    <CYPRESSTAG name="Pin listing">

    ------------------------------------------------------------
    Pin listing
    ------------------------------------------------------------

    Pin : Name = \LCD:LCDPort(0)\
        Attributes:
            In Group/Port: True
            In Sync Option: AUTO
            Out Sync Option: NOSYNC
            Interrupt generated: False
            Interrupt mode: NONE
            Drive mode: CMOS_OUT
            VTrip: EITHER
            Slew: FAST
            Input Sync needed: False
            Output Sync needed: False
            SC shield enabled: False
            POR State: ANY
            LCD Mode: COMMON
            Register Mode: RegComb
            CaSense Mode: NEITHER
            Treat as pin: False
            Is OE Registered: False
            Uses Analog: False
            Can contain Digital: True
            Is SIO: False
            SIO Output Buf: NONREGULATED
            SIO Input Buf: SINGLE_ENDED
            SIO HiFreq: LOW
            SIO Hyst: DISABLED
            SIO Vtrip: MULTIPLIER_0_5
            SIO Multiplier Index: 0
            SIO RefSel: VCC_IO
            Required Capabilitites: DIGITAL
            Initial Value: 0
            IO Voltage: 0
        PORT MAP (
            pa_out => \LCD:LCDPort(0)\__PA ,
            pad => \LCD:LCDPort(0)_PAD\ );
        Properties:
        {
        }

    Pin : Name = \LCD:LCDPort(1)\
        Attributes:
            In Group/Port: True
            In Sync Option: AUTO
            Out Sync Option: NOSYNC
            Interrupt generated: False
            Interrupt mode: NONE
            Drive mode: CMOS_OUT
            VTrip: EITHER
            Slew: FAST
            Input Sync needed: False
            Output Sync needed: False
            SC shield enabled: False
            POR State: ANY
            LCD Mode: COMMON
            Register Mode: RegComb
            CaSense Mode: NEITHER
            Treat as pin: False
            Is OE Registered: False
            Uses Analog: False
            Can contain Digital: True
            Is SIO: False
            SIO Output Buf: NONREGULATED
            SIO Input Buf: SINGLE_ENDED
            SIO HiFreq: LOW
            SIO Hyst: DISABLED
            SIO Vtrip: MULTIPLIER_0_5
            SIO Multiplier Index: 0
            SIO RefSel: VCC_IO
            Required Capabilitites: DIGITAL
            Initial Value: 0
            IO Voltage: 0
        PORT MAP (
            pa_out => \LCD:LCDPort(1)\__PA ,
            pad => \LCD:LCDPort(1)_PAD\ );
        Properties:
        {
        }

    Pin : Name = \LCD:LCDPort(2)\
        Attributes:
            In Group/Port: True
            In Sync Option: AUTO
            Out Sync Option: NOSYNC
            Interrupt generated: False
            Interrupt mode: NONE
            Drive mode: CMOS_OUT
            VTrip: EITHER
            Slew: FAST
            Input Sync needed: False
            Output Sync needed: False
            SC shield enabled: False
            POR State: ANY
            LCD Mode: COMMON
            Register Mode: RegComb
            CaSense Mode: NEITHER
            Treat as pin: False
            Is OE Registered: False
            Uses Analog: False
            Can contain Digital: True
            Is SIO: False
            SIO Output Buf: NONREGULATED
            SIO Input Buf: SINGLE_ENDED
            SIO HiFreq: LOW
            SIO Hyst: DISABLED
            SIO Vtrip: MULTIPLIER_0_5
            SIO Multiplier Index: 0
            SIO RefSel: VCC_IO
            Required Capabilitites: DIGITAL
            Initial Value: 0
            IO Voltage: 0
        PORT MAP (
            pa_out => \LCD:LCDPort(2)\__PA ,
            pad => \LCD:LCDPort(2)_PAD\ );
        Properties:
        {
        }

    Pin : Name = \LCD:LCDPort(3)\
        Attributes:
            In Group/Port: True
            In Sync Option: AUTO
            Out Sync Option: NOSYNC
            Interrupt generated: False
            Interrupt mode: NONE
            Drive mode: CMOS_OUT
            VTrip: EITHER
            Slew: FAST
            Input Sync needed: False
            Output Sync needed: False
            SC shield enabled: False
            POR State: ANY
            LCD Mode: COMMON
            Register Mode: RegComb
            CaSense Mode: NEITHER
            Treat as pin: False
            Is OE Registered: False
            Uses Analog: False
            Can contain Digital: True
            Is SIO: False
            SIO Output Buf: NONREGULATED
            SIO Input Buf: SINGLE_ENDED
            SIO HiFreq: LOW
            SIO Hyst: DISABLED
            SIO Vtrip: MULTIPLIER_0_5
            SIO Multiplier Index: 0
            SIO RefSel: VCC_IO
            Required Capabilitites: DIGITAL
            Initial Value: 0
            IO Voltage: 0
        PORT MAP (
            pa_out => \LCD:LCDPort(3)\__PA ,
            pad => \LCD:LCDPort(3)_PAD\ );
        Properties:
        {
        }

    Pin : Name = \LCD:LCDPort(4)\
        Attributes:
            In Group/Port: True
            In Sync Option: AUTO
            Out Sync Option: NOSYNC
            Interrupt generated: False
            Interrupt mode: NONE
            Drive mode: CMOS_OUT
            VTrip: EITHER
            Slew: FAST
            Input Sync needed: False
            Output Sync needed: False
            SC shield enabled: False
            POR State: ANY
            LCD Mode: COMMON
            Register Mode: RegComb
            CaSense Mode: NEITHER
            Treat as pin: False
            Is OE Registered: False
            Uses Analog: False
            Can contain Digital: True
            Is SIO: False
            SIO Output Buf: NONREGULATED
            SIO Input Buf: SINGLE_ENDED
            SIO HiFreq: LOW
            SIO Hyst: DISABLED
            SIO Vtrip: MULTIPLIER_0_5
            SIO Multiplier Index: 0
            SIO RefSel: VCC_IO
            Required Capabilitites: DIGITAL
            Initial Value: 0
            IO Voltage: 0
        PORT MAP (
            pa_out => \LCD:LCDPort(4)\__PA ,
            pad => \LCD:LCDPort(4)_PAD\ );
        Properties:
        {
        }

    Pin : Name = \LCD:LCDPort(5)\
        Attributes:
            In Group/Port: True
            In Sync Option: AUTO
            Out Sync Option: NOSYNC
            Interrupt generated: False
            Interrupt mode: NONE
            Drive mode: CMOS_OUT
            VTrip: EITHER
            Slew: FAST
            Input Sync needed: False
            Output Sync needed: False
            SC shield enabled: False
            POR State: ANY
            LCD Mode: COMMON
            Register Mode: RegComb
            CaSense Mode: NEITHER
            Treat as pin: False
            Is OE Registered: False
            Uses Analog: False
            Can contain Digital: True
            Is SIO: False
            SIO Output Buf: NONREGULATED
            SIO Input Buf: SINGLE_ENDED
            SIO HiFreq: LOW
            SIO Hyst: DISABLED
            SIO Vtrip: MULTIPLIER_0_5
            SIO Multiplier Index: 0
            SIO RefSel: VCC_IO
            Required Capabilitites: DIGITAL
            Initial Value: 0
            IO Voltage: 0
        PORT MAP (
            pa_out => \LCD:LCDPort(5)\__PA ,
            pad => \LCD:LCDPort(5)_PAD\ );
        Properties:
        {
        }

    Pin : Name = \LCD:LCDPort(6)\
        Attributes:
            In Group/Port: True
            In Sync Option: AUTO
            Out Sync Option: NOSYNC
            Interrupt generated: False
            Interrupt mode: NONE
            Drive mode: CMOS_OUT
            VTrip: EITHER
            Slew: FAST
            Input Sync needed: False
            Output Sync needed: False
            SC shield enabled: False
            POR State: ANY
            LCD Mode: COMMON
            Register Mode: RegComb
            CaSense Mode: NEITHER
            Treat as pin: False
            Is OE Registered: False
            Uses Analog: False
            Can contain Digital: True
            Is SIO: False
            SIO Output Buf: NONREGULATED
            SIO Input Buf: SINGLE_ENDED
            SIO HiFreq: LOW
            SIO Hyst: DISABLED
            SIO Vtrip: MULTIPLIER_0_5
            SIO Multiplier Index: 0
            SIO RefSel: VCC_IO
            Required Capabilitites: DIGITAL
            Initial Value: 0
            IO Voltage: 0
        PORT MAP (
            pa_out => \LCD:LCDPort(6)\__PA ,
            pad => \LCD:LCDPort(6)_PAD\ );
        Properties:
        {
        }

    Pin : Name = \ADC_SAR:Bypass(0)\
        Attributes:
            In Group/Port: True
            In Sync Option: AUTO
            Out Sync Option: AUTO
            Interrupt generated: False
            Interrupt mode: NONE
            Drive mode: HI_Z_ANALOG
            VTrip: EITHER
            Slew: FAST
            Input Sync needed: False
            Output Sync needed: False
            SC shield enabled: False
            POR State: ANY
            LCD Mode: COMMON
            Register Mode: RegComb
            CaSense Mode: NEITHER
            Treat as pin: True
            Is OE Registered: False
            Uses Analog: True
            Can contain Digital: False
            Is SIO: False
            SIO Output Buf: NONREGULATED
            SIO Input Buf: SINGLE_ENDED
            SIO HiFreq: LOW
            SIO Hyst: DISABLED
            SIO Vtrip: MULTIPLIER_0_5
            SIO Multiplier Index: 0
            SIO RefSel: VCC_IO
            Required Capabilitites: ANALOG
            Initial Value: 0
            IO Voltage: 0
        PORT MAP (
            pa_out => \ADC_SAR:Bypass(0)\__PA ,
            analog_term => \ADC_SAR:Net_210\ ,
            pad => \ADC_SAR:Bypass(0)_PAD\ );

    Pin : Name = MIC(0)
        Attributes:
            In Group/Port: True
            In Sync Option: AUTO
            Out Sync Option: AUTO
            Interrupt generated: False
            Interrupt mode: NONE
            Drive mode: RES_PULL_UP
            VTrip: EITHER
            Slew: FAST
            Input Sync needed: False
            Output Sync needed: False
            SC shield enabled: False
            POR State: ANY
            LCD Mode: COMMON
            Register Mode: RegComb
            CaSense Mode: NEITHER
            Treat as pin: True
            Is OE Registered: False
            Uses Analog: True
            Can contain Digital: False
            Is SIO: False
            SIO Output Buf: NONREGULATED
            SIO Input Buf: SINGLE_ENDED
            SIO HiFreq: LOW
            SIO Hyst: DISABLED
            SIO Vtrip: MULTIPLIER_0_5
            SIO Multiplier Index: 0
            SIO RefSel: VCC_IO
            Required Capabilitites: ANALOG
            Initial Value: 1
            IO Voltage: 0
        PORT MAP (
            pa_out => MIC(0)__PA ,
            analog_term => Net_1 ,
            pad => MIC(0)_PAD );
        Properties:
        {
        }

    Pin : Name = PWM_Out(0)
        Attributes:
            In Group/Port: True
            In Sync Option: AUTO
            Out Sync Option: NOSYNC
            Interrupt generated: False
            Interrupt mode: NONE
            Drive mode: RES_PULL_UP
            VTrip: EITHER
            Slew: FAST
            Input Sync needed: False
            Output Sync needed: False
            SC shield enabled: False
            POR State: ANY
            LCD Mode: COMMON
            Register Mode: RegComb
            CaSense Mode: NEITHER
            Treat as pin: True
            Is OE Registered: False
            Uses Analog: False
            Can contain Digital: True
            Is SIO: False
            SIO Output Buf: NONREGULATED
            SIO Input Buf: SINGLE_ENDED
            SIO HiFreq: LOW
            SIO Hyst: DISABLED
            SIO Vtrip: MULTIPLIER_0_5
            SIO Multiplier Index: 0
            SIO RefSel: VCC_IO
            Required Capabilitites: DIGITAL, ROUTABLE
            Initial Value: 1
            IO Voltage: 0
        PORT MAP (
            pa_out => PWM_Out(0)__PA ,
            input => Net_485 ,
            pad => PWM_Out(0)_PAD );
        Properties:
        {
        }
    </CYPRESSTAG>
    <CYPRESSTAG name="Macrocell listing" icon="FILE_RPT_EQUATION">

    ------------------------------------------------------------
    Macrocell listing
    ------------------------------------------------------------

    MacroCell: Name=\PWM_1:PWMUDB:status_2\, Mode=(Combinatorial)
        Total # of inputs        : 2
        Total # of product terms : 1
            Clock Enable: True
        Main Equation            : 1 pterm
        (
              \PWM_1:PWMUDB:runmode_enable\ * \PWM_1:PWMUDB:tc_i\
        );
        Output = \PWM_1:PWMUDB:status_2\ (fanout=1)

    MacroCell: Name=\PWM_1:PWMUDB:runmode_enable\, Mode=(D-Register)
        Total # of inputs        : 1
        Total # of product terms : 1
        List of special equations: 
            Clock  = (Net_471) => Global
            Clock Enable: True
        Main Equation            : 1 pterm
        (
              \PWM_1:PWMUDB:control_7\
        );
        Output = \PWM_1:PWMUDB:runmode_enable\ (fanout=4)

    MacroCell: Name=\PWM_1:PWMUDB:prevCompare1\, Mode=(D-Register)
        Total # of inputs        : 1
        Total # of product terms : 1
        List of special equations: 
            Clock  = (Net_471) => Global
            Clock Enable: True
        Main Equation            : 1 pterm
        (
              \PWM_1:PWMUDB:cmp1_less\
        );
        Output = \PWM_1:PWMUDB:prevCompare1\ (fanout=1)

    MacroCell: Name=\PWM_1:PWMUDB:status_0\, Mode=(D-Register)
        Total # of inputs        : 2
        Total # of product terms : 1
        List of special equations: 
            Clock  = (Net_471) => Global
            Clock Enable: True
        Main Equation            : 1 pterm
        (
              !\PWM_1:PWMUDB:prevCompare1\ * \PWM_1:PWMUDB:cmp1_less\
        );
        Output = \PWM_1:PWMUDB:status_0\ (fanout=1)

    MacroCell: Name=Net_485, Mode=(D-Register)
        Total # of inputs        : 2
        Total # of product terms : 1
        List of special equations: 
            Clock  = (Net_471) => Global
            Clock Enable: True
        Main Equation            : 1 pterm
        (
              \PWM_1:PWMUDB:runmode_enable\ * \PWM_1:PWMUDB:cmp1_less\
        );
        Output = Net_485 (fanout=2)
    </CYPRESSTAG>
    <CYPRESSTAG name="Datapath listing">

    ------------------------------------------------------------
    Datapath listing
    ------------------------------------------------------------

    datapathcell: Name =\PWM_1:PWMUDB:sP16:pwmdp:u0\
        PORT MAP (
            clock => Net_471 ,
            cs_addr_2 => \PWM_1:PWMUDB:tc_i\ ,
            cs_addr_1 => \PWM_1:PWMUDB:runmode_enable\ ,
            chain_out => \PWM_1:PWMUDB:sP16:pwmdp:carry\ );
        Properties:
        {
            a0_init = "00000000"
            a1_init = "00000000"
            ce0_sync = 1
            ce1_sync = 1
            cl0_sync = 1
            cl1_sync = 1
            cmsb_sync = 1
            co_msb_sync = 1
            cy_dpconfig = "0000000001000000000000001100000001000000010000000000000011000000000000001100000000000000110000000000000011000000000000001100000011111111000000001111111111111111101000000000000000000100000000000000000000011000"
            d0_init = "00000000"
            d1_init = "00000000"
            f0_blk_sync = 1
            f0_bus_sync = 1
            f1_blk_sync = 1
            f1_bus_sync = 1
            ff0_sync = 1
            ff1_sync = 1
            ov_msb_sync = 1
            so_sync = 1
            z0_sync = 1
            z1_sync = 1
        }
        Clock Polarity: Active High
        Clock Enable: True
        Next in chain : \PWM_1:PWMUDB:sP16:pwmdp:u1\

    datapathcell: Name =\PWM_1:PWMUDB:sP16:pwmdp:u1\
        PORT MAP (
            clock => Net_471 ,
            cs_addr_2 => \PWM_1:PWMUDB:tc_i\ ,
            cs_addr_1 => \PWM_1:PWMUDB:runmode_enable\ ,
            cl0_comb => \PWM_1:PWMUDB:cmp1_less\ ,
            z0_comb => \PWM_1:PWMUDB:tc_i\ ,
            f1_blk_stat_comb => \PWM_1:PWMUDB:status_3\ ,
            chain_in => \PWM_1:PWMUDB:sP16:pwmdp:carry\ );
        Properties:
        {
            a0_init = "00000000"
            a1_init = "00000000"
            ce0_sync = 1
            ce1_sync = 1
            cl0_sync = 1
            cl1_sync = 1
            cmsb_sync = 1
            co_msb_sync = 1
            cy_dpconfig = "0000000001000000000000001100000001000000010000000000000011000000000000001100000000000000110000000000000011000000000000001100000011111111000000001111111111111111101011110000000000000100000011110000000000011000"
            d0_init = "00000000"
            d1_init = "00000000"
            f0_blk_sync = 1
            f0_bus_sync = 1
            f1_blk_sync = 1
            f1_bus_sync = 1
            ff0_sync = 1
            ff1_sync = 1
            ov_msb_sync = 1
            so_sync = 1
            z0_sync = 1
            z1_sync = 1
        }
        Clock Polarity: Active High
        Clock Enable: True
        Previous in chain : \PWM_1:PWMUDB:sP16:pwmdp:u0\
    </CYPRESSTAG>
    <CYPRESSTAG name="Status register listing">
    </CYPRESSTAG>
    <CYPRESSTAG name="StatusI register listing">

    ------------------------------------------------------------
    StatusI register listing
    ------------------------------------------------------------

    statusicell: Name =\PWM_1:PWMUDB:genblk8:stsreg\
        PORT MAP (
            clock => Net_471 ,
            status_3 => \PWM_1:PWMUDB:status_3\ ,
            status_2 => \PWM_1:PWMUDB:status_2\ ,
            status_0 => \PWM_1:PWMUDB:status_0\ );
        Properties:
        {
            cy_force_order = 1
            cy_int_mask = "1111111"
            cy_md_select = "0100111"
        }
        Clock Polarity: Active High
        Clock Enable: True
    </CYPRESSTAG>
    <CYPRESSTAG name="Sync listing">
    </CYPRESSTAG>
    <CYPRESSTAG name="Control register listing">

    ------------------------------------------------------------
    Control register listing
    ------------------------------------------------------------

    controlcell: Name =\PWM_1:PWMUDB:genblk1:ctrlreg\
        PORT MAP (
            clock => Net_471 ,
            control_7 => \PWM_1:PWMUDB:control_7\ ,
            control_6 => \PWM_1:PWMUDB:control_6\ ,
            control_5 => \PWM_1:PWMUDB:control_5\ ,
            control_4 => \PWM_1:PWMUDB:control_4\ ,
            control_3 => \PWM_1:PWMUDB:control_3\ ,
            control_2 => \PWM_1:PWMUDB:control_2\ ,
            control_1 => \PWM_1:PWMUDB:control_1\ ,
            control_0 => \PWM_1:PWMUDB:control_0\ );
        Properties:
        {
            cy_ctrl_mode_0 = "11111111"
            cy_ctrl_mode_1 = "00000000"
            cy_ext_reset = 0
            cy_force_order = 1
            cy_init_value = "00000000"
        }
        Clock Polarity: Active High
        Clock Enable: True
    </CYPRESSTAG>
    <CYPRESSTAG name="Count7 listing">
    </CYPRESSTAG>
    <CYPRESSTAG name="DRQ listing">
    </CYPRESSTAG>
    <CYPRESSTAG name="Interrupt listing">

    ------------------------------------------------------------
    Interrupt listing
    ------------------------------------------------------------

    interrupt: Name =\ADC_SAR:IRQ\
        PORT MAP (
            interrupt => Net_488 );
        Properties:
        {
            int_type = "10"
            is_nmi = 0
        }

    interrupt: Name =ADC_ISR
        PORT MAP (
            interrupt => Net_488 );
        Properties:
        {
            int_type = "10"
            is_nmi = 0
        }
    </CYPRESSTAG>
</CYPRESSTAG>
<CYPRESSTAG name="Technology mapping summary" expanded>

------------------------------------------------------------
Technology mapping summary
------------------------------------------------------------

Resource Type                 : Used : Free :  Max :  % Used
============================================================
Digital Clocks                :    1 :    7 :    8 : 12.50 %
Analog Clocks                 :    1 :    3 :    4 : 25.00 %
CapSense Buffers              :    0 :    2 :    2 :  0.00 %
Digital Filter Block          :    0 :    1 :    1 :  0.00 %
Interrupts                    :    2 :   30 :   32 :  6.25 %
IO                            :   13 :   35 :   48 : 27.08 %
Segment LCD                   :    0 :    1 :    1 :  0.00 %
CAN 2.0b                      :    0 :    1 :    1 :  0.00 %
I2C                           :    0 :    1 :    1 :  0.00 %
USB                           :    0 :    1 :    1 :  0.00 %
DMA Channels                  :    0 :   24 :   24 :  0.00 %
Timer                         :    0 :    4 :    4 :  0.00 %
UDB                           :      :      :      :        
  Macrocells                  :    5 :  187 :  192 :  2.60 %
  Unique P-terms              :    5 :  379 :  384 :  1.30 %
  Total P-terms               :    5 :      :      :        
  Datapath Cells              :    2 :   22 :   24 :  8.33 %
  Status Cells                :    1 :   23 :   24 :  4.17 %
    StatusI Registers         :    1 :      :      :        
  Control Cells               :    1 :   23 :   24 :  4.17 %
    Control Registers         :    1 :      :      :        
Opamp                         :    1 :    3 :    4 : 25.00 %
Comparator                    :    0 :    4 :    4 :  0.00 %
Delta-Sigma ADC               :    0 :    1 :    1 :  0.00 %
LPF                           :    0 :    2 :    2 :  0.00 %
SAR ADC                       :    1 :    1 :    2 : 50.00 %
Analog (SC/CT) Blocks         :    0 :    4 :    4 :  0.00 %
DAC                           :      :      :      :        
  VIDAC                       :    0 :    4 :    4 :  0.00 %
</CYPRESSTAG>
Technology Mapping: Elapsed time ==> 0s.030ms
Tech Mapping phase: Elapsed time ==> 0s.101ms
</CYPRESSTAG>
<CYPRESSTAG name="Analog Placement">
Initial Analog Placement Results:
IO_2@[IOP=(1)][IoId=(2)] : MIC(0) (fixed)
IO_0@[IOP=(3)][IoId=(0)] : PWM_Out(0) (fixed)
IO_0@[IOP=(12)][IoId=(0)] : \LCD:LCDPort(0)\ (fixed)
IO_1@[IOP=(12)][IoId=(1)] : \LCD:LCDPort(1)\ (fixed)
IO_2@[IOP=(12)][IoId=(2)] : \LCD:LCDPort(2)\ (fixed)
IO_3@[IOP=(12)][IoId=(3)] : \LCD:LCDPort(3)\ (fixed)
IO_4@[IOP=(12)][IoId=(4)] : \LCD:LCDPort(4)\ (fixed)
IO_5@[IOP=(12)][IoId=(5)] : \LCD:LCDPort(5)\ (fixed)
IO_6@[IOP=(12)][IoId=(6)] : \LCD:LCDPort(6)\ (fixed)
SAR[0]@[FFB(SAR,0)] : \ADC_SAR:ADC_SAR\ (SAR-ExtVref)
IO_4@[IOP=(0)][IoId=(4)] : \ADC_SAR:Bypass(0)\ (SAR-ExtVref)
Vref[3]@[FFB(Vref,3)] : \ADC_SAR:vRef_1024\
OpAmp[3]@[FFB(OpAmp,3)] : \OPAMP_BUS:ABuf\ (OPAMP-GPIO)
IO_7@[IOP=(3)][IoId=(7)] : Dedicated_Output (OPAMP-GPIO)
Analog Placement Results:
IO_2@[IOP=(1)][IoId=(2)] : MIC(0) (fixed)
IO_0@[IOP=(3)][IoId=(0)] : PWM_Out(0) (fixed)
IO_0@[IOP=(12)][IoId=(0)] : \LCD:LCDPort(0)\ (fixed)
IO_1@[IOP=(12)][IoId=(1)] : \LCD:LCDPort(1)\ (fixed)
IO_2@[IOP=(12)][IoId=(2)] : \LCD:LCDPort(2)\ (fixed)
IO_3@[IOP=(12)][IoId=(3)] : \LCD:LCDPort(3)\ (fixed)
IO_4@[IOP=(12)][IoId=(4)] : \LCD:LCDPort(4)\ (fixed)
IO_5@[IOP=(12)][IoId=(5)] : \LCD:LCDPort(5)\ (fixed)
IO_6@[IOP=(12)][IoId=(6)] : \LCD:LCDPort(6)\ (fixed)
SAR[0]@[FFB(SAR,0)] : \ADC_SAR:ADC_SAR\ (SAR-ExtVref)
IO_4@[IOP=(0)][IoId=(4)] : \ADC_SAR:Bypass(0)\ (SAR-ExtVref)
Vref[3]@[FFB(Vref,3)] : \ADC_SAR:vRef_1024\
OpAmp[3]@[FFB(OpAmp,3)] : \OPAMP_BUS:ABuf\ (OPAMP-GPIO)
IO_7@[IOP=(3)][IoId=(7)] : Dedicated_Output (OPAMP-GPIO)

Analog Placement phase: Elapsed time ==> 0s.062ms
</CYPRESSTAG>
<CYPRESSTAG name="Analog Routing">
Analog Routing phase: Elapsed time ==> 0s.006ms
</CYPRESSTAG>
<CYPRESSTAG name="Analog Code Generation">
Warning: apr.M0042: Bonded pin(s) "P3[3]" are not used in your current design but have been connected in order to route the design. (App=cydsfit)
============ Analog Final Answer Routes ============
Dump of CyAnalogRoutingResultsDB
Map of net to items {
  Net: Net_1 {
    opamp_3_vplus
    opamp_3_vplus_x_p3_3
    p3_3
    amuxbusr_x_p3_3
    amuxbusr
    amuxbusr_x_p1_2
    p1_2
  }
  Net: Net_484 {
    p3_7
    agr7_x_p3_7
    agr7
    agl7_x_agr7
    agl7
    agl7_x_sar_0_vplus
    sar_0_vplus
    opamp_3_vminus_x_p3_7
    opamp_3_vminus
  }
  Net: \ADC_SAR:Net_126\ {
    sar_0_vrefhi
    sar_0_vminus_x_sar_0_vrefhi
    sar_0_vminus
  }
  Net: \ADC_SAR:Net_210\ {
    p0_4
    p0_4_exvref
  }
  Net: \ADC_SAR:Net_233\ {
    common_vref_1024
    sar_0_vref_1024
    sar_0_vref_x_sar_0_vref_1024
    sar_0_vref
  }
}
Map of item to net {
  opamp_3_vplus                                    -> Net_1
  opamp_3_vplus_x_p3_3                             -> Net_1
  p3_3                                             -> Net_1
  amuxbusr_x_p3_3                                  -> Net_1
  amuxbusr                                         -> Net_1
  amuxbusr_x_p1_2                                  -> Net_1
  p1_2                                             -> Net_1
  p3_7                                             -> Net_484
  agr7_x_p3_7                                      -> Net_484
  agr7                                             -> Net_484
  agl7_x_agr7                                      -> Net_484
  agl7                                             -> Net_484
  agl7_x_sar_0_vplus                               -> Net_484
  sar_0_vplus                                      -> Net_484
  opamp_3_vminus_x_p3_7                            -> Net_484
  opamp_3_vminus                                   -> Net_484
  sar_0_vrefhi                                     -> \ADC_SAR:Net_126\
  sar_0_vminus_x_sar_0_vrefhi                      -> \ADC_SAR:Net_126\
  sar_0_vminus                                     -> \ADC_SAR:Net_126\
  p0_4                                             -> \ADC_SAR:Net_210\
  p0_4_exvref                                      -> \ADC_SAR:Net_210\
  common_vref_1024                                 -> \ADC_SAR:Net_233\
  sar_0_vref_1024                                  -> \ADC_SAR:Net_233\
  sar_0_vref_x_sar_0_vref_1024                     -> \ADC_SAR:Net_233\
  sar_0_vref                                       -> \ADC_SAR:Net_233\
}
Mux Info {
}
Dump of CyP35AnalogRoutingResultsDB
IsVddaHalfUsedForComp = False
IsVddaHalfUsedForSar0 = False
IsVddaHalfUsedForSar1 = False
Analog Code Generation phase: Elapsed time ==> 0s.296ms
</CYPRESSTAG>
<CYPRESSTAG name="Digital Placement">
<CYPRESSTAG name="Detailed placement messages">
I2076: Total run-time: 0.7 sec.

</CYPRESSTAG>
<CYPRESSTAG name="PLD Packing">
<CYPRESSTAG name="PLD Packing Summary" expanded>

------------------------------------------------------------
PLD Packing Summary
------------------------------------------------------------
            Resource Type : Used : Free :  Max :  % Used
    ====================================================
                     PLDs :    2 :   46 :   48 :   4.17%

<CYPRESSTAG name="PLD Statistics">

        PLD Resource Type :     Average/LAB
    =======================================
                   Inputs :            3.00
                   Pterms :            2.50
               Macrocells :            2.50
</CYPRESSTAG>
<CYPRESSTAG name="Packed PLD Contents">
Packed PLD Contents not displayed at this verbose level.</CYPRESSTAG>
</CYPRESSTAG>
PLD Packing: Elapsed time ==> 0s.001ms
</CYPRESSTAG>
<CYPRESSTAG name="Partitioning">
<CYPRESSTAG name="Initial Partitioning Summary">
Initial Partitioning Summary not displayed at this verbose level.</CYPRESSTAG>
<CYPRESSTAG name="Final Partitioning Summary">
Final Partitioning Summary not displayed at this verbose level.</CYPRESSTAG>
Partitioning: Elapsed time ==> 0s.020ms
</CYPRESSTAG>
<CYPRESSTAG name="Final Placement Summary">

------------------------------------------------------------
Final Placement Summary
------------------------------------------------------------

       Resource Type :      Count : Avg Inputs : Avg Outputs
    ========================================================
                 UDB :          2 :       2.50 :       2.50
<CYPRESSTAG name="Final Placement Details">
<CYPRESSTAG name="Component Details">

------------------------------------------------------------
Component Placement Details
------------------------------------------------------------
UDB [UDB=(0,0)] is empty.
UDB [UDB=(0,1)] is empty.
UDB [UDB=(0,2)] is empty.
UDB [UDB=(0,3)] is empty.
UDB [UDB=(0,4)] is empty.
UDB [UDB=(0,5)] is empty.
UDB [UDB=(1,0)] is empty.
UDB [UDB=(1,1)] is empty.
UDB [UDB=(1,2)] is empty.
UDB [UDB=(1,3)] is empty.
UDB [UDB=(1,4)] is empty.
UDB [UDB=(1,5)] is empty.
UDB [UDB=(2,0)] contents:
datapathcell: Name =\PWM_1:PWMUDB:sP16:pwmdp:u0\
    PORT MAP (
        clock => Net_471 ,
        cs_addr_2 => \PWM_1:PWMUDB:tc_i\ ,
        cs_addr_1 => \PWM_1:PWMUDB:runmode_enable\ ,
        chain_out => \PWM_1:PWMUDB:sP16:pwmdp:carry\ );
    Properties:
    {
        a0_init = "00000000"
        a1_init = "00000000"
        ce0_sync = 1
        ce1_sync = 1
        cl0_sync = 1
        cl1_sync = 1
        cmsb_sync = 1
        co_msb_sync = 1
        cy_dpconfig = "0000000001000000000000001100000001000000010000000000000011000000000000001100000000000000110000000000000011000000000000001100000011111111000000001111111111111111101000000000000000000100000000000000000000011000"
        d0_init = "00000000"
        d1_init = "00000000"
        f0_blk_sync = 1
        f0_bus_sync = 1
        f1_blk_sync = 1
        f1_bus_sync = 1
        ff0_sync = 1
        ff1_sync = 1
        ov_msb_sync = 1
        so_sync = 1
        z0_sync = 1
        z1_sync = 1
    }
    Clock Polarity: Active High
    Clock Enable: True
    Next in chain : \PWM_1:PWMUDB:sP16:pwmdp:u1\

UDB [UDB=(2,1)] is empty.
UDB [UDB=(2,2)] is empty.
UDB [UDB=(2,3)] is empty.
UDB [UDB=(2,4)] is empty.
UDB [UDB=(2,5)] is empty.
UDB [UDB=(3,0)] contents:
LAB@[UDB=(3,0)][LB=0] #macrocells=4, #inputs=4, #pterms=4
{
    [McSlotId=0]:     MacroCell: Name=\PWM_1:PWMUDB:runmode_enable\, Mode=(D-Register) @ [UDB=(3,0)][LB=0][MC=0]
        Total # of inputs        : 1
        Total # of product terms : 1
        List of special equations: 
            Clock  = (Net_471) => Global
            Clock Enable: True
        Main Equation            : 1 pterm
        (
              \PWM_1:PWMUDB:control_7\
        );
        Output = \PWM_1:PWMUDB:runmode_enable\ (fanout=4)
        Properties               : 
        {
        }

    [McSlotId=1]:     MacroCell: Name=\PWM_1:PWMUDB:status_2\, Mode=(Combinatorial) @ [UDB=(3,0)][LB=0][MC=1]
        Total # of inputs        : 2
        Total # of product terms : 1
            Clock Enable: True
        Main Equation            : 1 pterm
        (
              \PWM_1:PWMUDB:runmode_enable\ * \PWM_1:PWMUDB:tc_i\
        );
        Output = \PWM_1:PWMUDB:status_2\ (fanout=1)
        Properties               : 
        {
        }

    [McSlotId=2]:     MacroCell: Name=Net_485, Mode=(D-Register) @ [UDB=(3,0)][LB=0][MC=2]
        Total # of inputs        : 2
        Total # of product terms : 1
        List of special equations: 
            Clock  = (Net_471) => Global
            Clock Enable: True
        Main Equation            : 1 pterm
        (
              \PWM_1:PWMUDB:runmode_enable\ * \PWM_1:PWMUDB:cmp1_less\
        );
        Output = Net_485 (fanout=2)
        Properties               : 
        {
        }

    [McSlotId=3]:     MacroCell: Name=\PWM_1:PWMUDB:prevCompare1\, Mode=(D-Register) @ [UDB=(3,0)][LB=0][MC=3]
        Total # of inputs        : 1
        Total # of product terms : 1
        List of special equations: 
            Clock  = (Net_471) => Global
            Clock Enable: True
        Main Equation            : 1 pterm
        (
              \PWM_1:PWMUDB:cmp1_less\
        );
        Output = \PWM_1:PWMUDB:prevCompare1\ (fanout=1)
        Properties               : 
        {
        }
}

LAB@[UDB=(3,0)][LB=1] #macrocells=1, #inputs=2, #pterms=1
{
    [McSlotId=0]:     MacroCell: Name=\PWM_1:PWMUDB:status_0\, Mode=(D-Register) @ [UDB=(3,0)][LB=1][MC=0]
        Total # of inputs        : 2
        Total # of product terms : 1
        List of special equations: 
            Clock  = (Net_471) => Global
            Clock Enable: True
        Main Equation            : 1 pterm
        (
              !\PWM_1:PWMUDB:prevCompare1\ * \PWM_1:PWMUDB:cmp1_less\
        );
        Output = \PWM_1:PWMUDB:status_0\ (fanout=1)
        Properties               : 
        {
        }

    [McSlotId=1]: (empty)
    [McSlotId=2]: (empty)
    [McSlotId=3]: (empty)
}

datapathcell: Name =\PWM_1:PWMUDB:sP16:pwmdp:u1\
    PORT MAP (
        clock => Net_471 ,
        cs_addr_2 => \PWM_1:PWMUDB:tc_i\ ,
        cs_addr_1 => \PWM_1:PWMUDB:runmode_enable\ ,
        cl0_comb => \PWM_1:PWMUDB:cmp1_less\ ,
        z0_comb => \PWM_1:PWMUDB:tc_i\ ,
        f1_blk_stat_comb => \PWM_1:PWMUDB:status_3\ ,
        chain_in => \PWM_1:PWMUDB:sP16:pwmdp:carry\ );
    Properties:
    {
        a0_init = "00000000"
        a1_init = "00000000"
        ce0_sync = 1
        ce1_sync = 1
        cl0_sync = 1
        cl1_sync = 1
        cmsb_sync = 1
        co_msb_sync = 1
        cy_dpconfig = "0000000001000000000000001100000001000000010000000000000011000000000000001100000000000000110000000000000011000000000000001100000011111111000000001111111111111111101011110000000000000100000011110000000000011000"
        d0_init = "00000000"
        d1_init = "00000000"
        f0_blk_sync = 1
        f0_bus_sync = 1
        f1_blk_sync = 1
        f1_bus_sync = 1
        ff0_sync = 1
        ff1_sync = 1
        ov_msb_sync = 1
        so_sync = 1
        z0_sync = 1
        z1_sync = 1
    }
    Clock Polarity: Active High
    Clock Enable: True
    Previous in chain : \PWM_1:PWMUDB:sP16:pwmdp:u0\

statusicell: Name =\PWM_1:PWMUDB:genblk8:stsreg\
    PORT MAP (
        clock => Net_471 ,
        status_3 => \PWM_1:PWMUDB:status_3\ ,
        status_2 => \PWM_1:PWMUDB:status_2\ ,
        status_0 => \PWM_1:PWMUDB:status_0\ );
    Properties:
    {
        cy_force_order = 1
        cy_int_mask = "1111111"
        cy_md_select = "0100111"
    }
    Clock Polarity: Active High
    Clock Enable: True

controlcell: Name =\PWM_1:PWMUDB:genblk1:ctrlreg\
    PORT MAP (
        clock => Net_471 ,
        control_7 => \PWM_1:PWMUDB:control_7\ ,
        control_6 => \PWM_1:PWMUDB:control_6\ ,
        control_5 => \PWM_1:PWMUDB:control_5\ ,
        control_4 => \PWM_1:PWMUDB:control_4\ ,
        control_3 => \PWM_1:PWMUDB:control_3\ ,
        control_2 => \PWM_1:PWMUDB:control_2\ ,
        control_1 => \PWM_1:PWMUDB:control_1\ ,
        control_0 => \PWM_1:PWMUDB:control_0\ );
    Properties:
    {
        cy_ctrl_mode_0 = "11111111"
        cy_ctrl_mode_1 = "00000000"
        cy_ext_reset = 0
        cy_force_order = 1
        cy_init_value = "00000000"
    }
    Clock Polarity: Active High
    Clock Enable: True

UDB [UDB=(3,1)] is empty.
UDB [UDB=(3,2)] is empty.
UDB [UDB=(3,3)] is empty.
UDB [UDB=(3,4)] is empty.
UDB [UDB=(3,5)] is empty.
Intr container @ [IntrContainer=(0)]: 
  Intr@ [IntrContainer=(0)][IntrId=(0)] 
    interrupt: Name =ADC_ISR
        PORT MAP (
            interrupt => Net_488 );
        Properties:
        {
            int_type = "10"
            is_nmi = 0
        }
  Intr@ [IntrContainer=(0)][IntrId=(1)] 
    interrupt: Name =\ADC_SAR:IRQ\
        PORT MAP (
            interrupt => Net_488 );
        Properties:
        {
            int_type = "10"
            is_nmi = 0
        }
Drq container @ [DrqContainer=(0)]: empty
Port 0 contains the following IO cells:
[IoId=4]: 
Pin : Name = \ADC_SAR:Bypass(0)\
    Attributes:
        In Group/Port: True
        In Sync Option: AUTO
        Out Sync Option: AUTO
        Interrupt generated: False
        Interrupt mode: NONE
        Drive mode: HI_Z_ANALOG
        VTrip: EITHER
        Slew: FAST
        Input Sync needed: False
        Output Sync needed: False
        SC shield enabled: False
        POR State: ANY
        LCD Mode: COMMON
        Register Mode: RegComb
        CaSense Mode: NEITHER
        Treat as pin: True
        Is OE Registered: False
        Uses Analog: True
        Can contain Digital: False
        Is SIO: False
        SIO Output Buf: NONREGULATED
        SIO Input Buf: SINGLE_ENDED
        SIO HiFreq: LOW
        SIO Hyst: DISABLED
        SIO Vtrip: MULTIPLIER_0_5
        SIO Multiplier Index: 0
        SIO RefSel: VCC_IO
        Required Capabilitites: ANALOG
        Initial Value: 0
        IO Voltage: 0
    PORT MAP (
        pa_out => \ADC_SAR:Bypass(0)\__PA ,
        analog_term => \ADC_SAR:Net_210\ ,
        pad => \ADC_SAR:Bypass(0)_PAD\ );
    Properties:
    {
    }

Port 1 contains the following IO cells:
[IoId=2]: 
Pin : Name = MIC(0)
    Attributes:
        In Group/Port: True
        In Sync Option: AUTO
        Out Sync Option: AUTO
        Interrupt generated: False
        Interrupt mode: NONE
        Drive mode: RES_PULL_UP
        VTrip: EITHER
        Slew: FAST
        Input Sync needed: False
        Output Sync needed: False
        SC shield enabled: False
        POR State: ANY
        LCD Mode: COMMON
        Register Mode: RegComb
        CaSense Mode: NEITHER
        Treat as pin: True
        Is OE Registered: False
        Uses Analog: True
        Can contain Digital: False
        Is SIO: False
        SIO Output Buf: NONREGULATED
        SIO Input Buf: SINGLE_ENDED
        SIO HiFreq: LOW
        SIO Hyst: DISABLED
        SIO Vtrip: MULTIPLIER_0_5
        SIO Multiplier Index: 0
        SIO RefSel: VCC_IO
        Required Capabilitites: ANALOG
        Initial Value: 1
        IO Voltage: 0
    PORT MAP (
        pa_out => MIC(0)__PA ,
        analog_term => Net_1 ,
        pad => MIC(0)_PAD );
    Properties:
    {
    }

Port 2 is empty
Port 3 contains the following IO cells:
[IoId=0]: 
Pin : Name = PWM_Out(0)
    Attributes:
        In Group/Port: True
        In Sync Option: AUTO
        Out Sync Option: NOSYNC
        Interrupt generated: False
        Interrupt mode: NONE
        Drive mode: RES_PULL_UP
        VTrip: EITHER
        Slew: FAST
        Input Sync needed: False
        Output Sync needed: False
        SC shield enabled: False
        POR State: ANY
        LCD Mode: COMMON
        Register Mode: RegComb
        CaSense Mode: NEITHER
        Treat as pin: True
        Is OE Registered: False
        Uses Analog: False
        Can contain Digital: True
        Is SIO: False
        SIO Output Buf: NONREGULATED
        SIO Input Buf: SINGLE_ENDED
        SIO HiFreq: LOW
        SIO Hyst: DISABLED
        SIO Vtrip: MULTIPLIER_0_5
        SIO Multiplier Index: 0
        SIO RefSel: VCC_IO
        Required Capabilitites: DIGITAL, ROUTABLE
        Initial Value: 1
        IO Voltage: 0
    PORT MAP (
        pa_out => PWM_Out(0)__PA ,
        input => Net_485 ,
        pad => PWM_Out(0)_PAD );
    Properties:
    {
    }

[IoId=7]: 
Pin : Name = Dedicated_Output
    Attributes:
        In Group/Port: False
        In Sync Option: AUTO
        Out Sync Option: AUTO
        Interrupt generated: False
        Interrupt mode: NONE
        Drive mode: HI_Z_ANALOG
        VTrip: EITHER
        Slew: FAST
        Input Sync needed: False
        Output Sync needed: False
        SC shield enabled: False
        POR State: ANY
        LCD Mode: COMMON
        Register Mode: RegComb
        CaSense Mode: NEITHER
        Treat as pin: True
        Is OE Registered: False
        Uses Analog: True
        Can contain Digital: False
        Is SIO: False
        SIO Output Buf: NONREGULATED
        SIO Input Buf: SINGLE_ENDED
        SIO HiFreq: LOW
        SIO Hyst: DISABLED
        SIO Vtrip: MULTIPLIER_0_5
        SIO Multiplier Index: 0
        SIO RefSel: VCC_IO
        Required Capabilitites: ANALOG
        Initial Value: 0
        IO Voltage: 0
    PORT MAP (
        pa_out => Dedicated_Output__PA ,
        analog_term => Net_484 );
    Properties:
    {
    }

Port 12 contains the following IO cells:
[IoId=0]: 
Pin : Name = \LCD:LCDPort(0)\
    Attributes:
        In Group/Port: True
        In Sync Option: AUTO
        Out Sync Option: NOSYNC
        Interrupt generated: False
        Interrupt mode: NONE
        Drive mode: CMOS_OUT
        VTrip: EITHER
        Slew: FAST
        Input Sync needed: False
        Output Sync needed: False
        SC shield enabled: False
        POR State: ANY
        LCD Mode: COMMON
        Register Mode: RegComb
        CaSense Mode: NEITHER
        Treat as pin: False
        Is OE Registered: False
        Uses Analog: False
        Can contain Digital: True
        Is SIO: False
        SIO Output Buf: NONREGULATED
        SIO Input Buf: SINGLE_ENDED
        SIO HiFreq: LOW
        SIO Hyst: DISABLED
        SIO Vtrip: MULTIPLIER_0_5
        SIO Multiplier Index: 0
        SIO RefSel: VCC_IO
        Required Capabilitites: DIGITAL
        Initial Value: 0
        IO Voltage: 0
    PORT MAP (
        pa_out => \LCD:LCDPort(0)\__PA ,
        pad => \LCD:LCDPort(0)_PAD\ );
    Properties:
    {
    }

[IoId=1]: 
Pin : Name = \LCD:LCDPort(1)\
    Attributes:
        In Group/Port: True
        In Sync Option: AUTO
        Out Sync Option: NOSYNC
        Interrupt generated: False
        Interrupt mode: NONE
        Drive mode: CMOS_OUT
        VTrip: EITHER
        Slew: FAST
        Input Sync needed: False
        Output Sync needed: False
        SC shield enabled: False
        POR State: ANY
        LCD Mode: COMMON
        Register Mode: RegComb
        CaSense Mode: NEITHER
        Treat as pin: False
        Is OE Registered: False
        Uses Analog: False
        Can contain Digital: True
        Is SIO: False
        SIO Output Buf: NONREGULATED
        SIO Input Buf: SINGLE_ENDED
        SIO HiFreq: LOW
        SIO Hyst: DISABLED
        SIO Vtrip: MULTIPLIER_0_5
        SIO Multiplier Index: 0
        SIO RefSel: VCC_IO
        Required Capabilitites: DIGITAL
        Initial Value: 0
        IO Voltage: 0
    PORT MAP (
        pa_out => \LCD:LCDPort(1)\__PA ,
        pad => \LCD:LCDPort(1)_PAD\ );
    Properties:
    {
    }

[IoId=2]: 
Pin : Name = \LCD:LCDPort(2)\
    Attributes:
        In Group/Port: True
        In Sync Option: AUTO
        Out Sync Option: NOSYNC
        Interrupt generated: False
        Interrupt mode: NONE
        Drive mode: CMOS_OUT
        VTrip: EITHER
        Slew: FAST
        Input Sync needed: False
        Output Sync needed: False
        SC shield enabled: False
        POR State: ANY
        LCD Mode: COMMON
        Register Mode: RegComb
        CaSense Mode: NEITHER
        Treat as pin: False
        Is OE Registered: False
        Uses Analog: False
        Can contain Digital: True
        Is SIO: False
        SIO Output Buf: NONREGULATED
        SIO Input Buf: SINGLE_ENDED
        SIO HiFreq: LOW
        SIO Hyst: DISABLED
        SIO Vtrip: MULTIPLIER_0_5
        SIO Multiplier Index: 0
        SIO RefSel: VCC_IO
        Required Capabilitites: DIGITAL
        Initial Value: 0
        IO Voltage: 0
    PORT MAP (
        pa_out => \LCD:LCDPort(2)\__PA ,
        pad => \LCD:LCDPort(2)_PAD\ );
    Properties:
    {
    }

[IoId=3]: 
Pin : Name = \LCD:LCDPort(3)\
    Attributes:
        In Group/Port: True
        In Sync Option: AUTO
        Out Sync Option: NOSYNC
        Interrupt generated: False
        Interrupt mode: NONE
        Drive mode: CMOS_OUT
        VTrip: EITHER
        Slew: FAST
        Input Sync needed: False
        Output Sync needed: False
        SC shield enabled: False
        POR State: ANY
        LCD Mode: COMMON
        Register Mode: RegComb
        CaSense Mode: NEITHER
        Treat as pin: False
        Is OE Registered: False
        Uses Analog: False
        Can contain Digital: True
        Is SIO: False
        SIO Output Buf: NONREGULATED
        SIO Input Buf: SINGLE_ENDED
        SIO HiFreq: LOW
        SIO Hyst: DISABLED
        SIO Vtrip: MULTIPLIER_0_5
        SIO Multiplier Index: 0
        SIO RefSel: VCC_IO
        Required Capabilitites: DIGITAL
        Initial Value: 0
        IO Voltage: 0
    PORT MAP (
        pa_out => \LCD:LCDPort(3)\__PA ,
        pad => \LCD:LCDPort(3)_PAD\ );
    Properties:
    {
    }

[IoId=4]: 
Pin : Name = \LCD:LCDPort(4)\
    Attributes:
        In Group/Port: True
        In Sync Option: AUTO
        Out Sync Option: NOSYNC
        Interrupt generated: False
        Interrupt mode: NONE
        Drive mode: CMOS_OUT
        VTrip: EITHER
        Slew: FAST
        Input Sync needed: False
        Output Sync needed: False
        SC shield enabled: False
        POR State: ANY
        LCD Mode: COMMON
        Register Mode: RegComb
        CaSense Mode: NEITHER
        Treat as pin: False
        Is OE Registered: False
        Uses Analog: False
        Can contain Digital: True
        Is SIO: False
        SIO Output Buf: NONREGULATED
        SIO Input Buf: SINGLE_ENDED
        SIO HiFreq: LOW
        SIO Hyst: DISABLED
        SIO Vtrip: MULTIPLIER_0_5
        SIO Multiplier Index: 0
        SIO RefSel: VCC_IO
        Required Capabilitites: DIGITAL
        Initial Value: 0
        IO Voltage: 0
    PORT MAP (
        pa_out => \LCD:LCDPort(4)\__PA ,
        pad => \LCD:LCDPort(4)_PAD\ );
    Properties:
    {
    }

[IoId=5]: 
Pin : Name = \LCD:LCDPort(5)\
    Attributes:
        In Group/Port: True
        In Sync Option: AUTO
        Out Sync Option: NOSYNC
        Interrupt generated: False
        Interrupt mode: NONE
        Drive mode: CMOS_OUT
        VTrip: EITHER
        Slew: FAST
        Input Sync needed: False
        Output Sync needed: False
        SC shield enabled: False
        POR State: ANY
        LCD Mode: COMMON
        Register Mode: RegComb
        CaSense Mode: NEITHER
        Treat as pin: False
        Is OE Registered: False
        Uses Analog: False
        Can contain Digital: True
        Is SIO: False
        SIO Output Buf: NONREGULATED
        SIO Input Buf: SINGLE_ENDED
        SIO HiFreq: LOW
        SIO Hyst: DISABLED
        SIO Vtrip: MULTIPLIER_0_5
        SIO Multiplier Index: 0
        SIO RefSel: VCC_IO
        Required Capabilitites: DIGITAL
        Initial Value: 0
        IO Voltage: 0
    PORT MAP (
        pa_out => \LCD:LCDPort(5)\__PA ,
        pad => \LCD:LCDPort(5)_PAD\ );
    Properties:
    {
    }

[IoId=6]: 
Pin : Name = \LCD:LCDPort(6)\
    Attributes:
        In Group/Port: True
        In Sync Option: AUTO
        Out Sync Option: NOSYNC
        Interrupt generated: False
        Interrupt mode: NONE
        Drive mode: CMOS_OUT
        VTrip: EITHER
        Slew: FAST
        Input Sync needed: False
        Output Sync needed: False
        SC shield enabled: False
        POR State: ANY
        LCD Mode: COMMON
        Register Mode: RegComb
        CaSense Mode: NEITHER
        Treat as pin: False
        Is OE Registered: False
        Uses Analog: False
        Can contain Digital: True
        Is SIO: False
        SIO Output Buf: NONREGULATED
        SIO Input Buf: SINGLE_ENDED
        SIO HiFreq: LOW
        SIO Hyst: DISABLED
        SIO Vtrip: MULTIPLIER_0_5
        SIO Multiplier Index: 0
        SIO RefSel: VCC_IO
        Required Capabilitites: DIGITAL
        Initial Value: 0
        IO Voltage: 0
    PORT MAP (
        pa_out => \LCD:LCDPort(6)\__PA ,
        pad => \LCD:LCDPort(6)_PAD\ );
    Properties:
    {
    }

Port 15 is empty
ARM group 0: empty
CAN 2.0b group 0: empty
Cache group 0: empty
CapSense group 0: empty
Clock group 0: 
    Clock Block @ F(Clock,0): 
    clockblockcell: Name =ClockBlock
        PORT MAP (
            imo => ClockBlock_IMO ,
            pllout => ClockBlock_PLL_OUT ,
            ilo => ClockBlock_ILO ,
            clk_100k => ClockBlock_100k ,
            clk_1k => ClockBlock_1k ,
            clk_32k => ClockBlock_32k ,
            xtal => ClockBlock_XTAL ,
            clk_32k_xtal => ClockBlock_XTAL_32KHZ ,
            clk_sync => ClockBlock_MASTER_CLK ,
            clk_bus_glb => ClockBlock_BUS_CLK ,
            clk_bus => ClockBlock_BUS_CLK_local ,
            dclk_glb_0 => Net_471 ,
            dclk_0 => Net_471_local ,
            aclk_glb_0 => Net_486 ,
            aclk_0 => Net_486_local ,
            clk_a_dig_glb_0 => Net_486_adig ,
            clk_a_dig_0 => Net_486_adig_local );
        Properties:
        {
        }
Comparator group 0: empty
Digital Filter Block group 0: empty
Delta-Sigma ADC group 0: empty
Decimator group 0: empty
EMIF group 0: empty
I2C group 0: empty
Segment LCD group 0: empty
LVD group 0: empty
PM group 0: empty
Analog (SC/CT) Blocks group 0: empty
SPC group 0: empty
Timer group 0: empty
USB group 0: empty
VIDAC group 0: empty
Opamp group 0: 
    Opamp Block @ F(OpAmp,3): 
    abufcell: Name =\OPAMP_BUS:ABuf\
        PORT MAP (
            vplus => Net_1 ,
            vminus => Net_484 ,
            vout => Net_484 );
        Properties:
        {
            cy_registers = ""
        }
CapSense Buffers group 0: empty
Vref group 0: 
    Vref Block @ F(Vref,3): 
    vrefcell: Name =\ADC_SAR:vRef_1024\
        PORT MAP (
            vout => \ADC_SAR:Net_233\ );
        Properties:
        {
            autoenable = 1
            guid = "89B398AD-36A8-4627-9212-707F2986319E"
            ignoresleep = 0
            name = "1.024V"
        }
LPF group 0: empty
SAR ADC group 0: 
    SAR Block @ F(SAR,0): 
    sarcell: Name =\ADC_SAR:ADC_SAR\
        PORT MAP (
            vplus => Net_484 ,
            vminus => \ADC_SAR:Net_126\ ,
            ext_pin => \ADC_SAR:Net_210\ ,
            vrefhi_out => \ADC_SAR:Net_126\ ,
            vref => \ADC_SAR:Net_233\ ,
            clock => Net_486 ,
            pump_clock => Net_486 ,
            sof_udb => Net_485 ,
            irq => \ADC_SAR:Net_252\ ,
            next => Net_10 ,
            data_out_udb_11 => \ADC_SAR:Net_207_11\ ,
            data_out_udb_10 => \ADC_SAR:Net_207_10\ ,
            data_out_udb_9 => \ADC_SAR:Net_207_9\ ,
            data_out_udb_8 => \ADC_SAR:Net_207_8\ ,
            data_out_udb_7 => \ADC_SAR:Net_207_7\ ,
            data_out_udb_6 => \ADC_SAR:Net_207_6\ ,
            data_out_udb_5 => \ADC_SAR:Net_207_5\ ,
            data_out_udb_4 => \ADC_SAR:Net_207_4\ ,
            data_out_udb_3 => \ADC_SAR:Net_207_3\ ,
            data_out_udb_2 => \ADC_SAR:Net_207_2\ ,
            data_out_udb_1 => \ADC_SAR:Net_207_1\ ,
            data_out_udb_0 => \ADC_SAR:Net_207_0\ ,
            eof_udb => Net_488 );
        Properties:
        {
            cy_registers = ""
        }
</CYPRESSTAG>
<CYPRESSTAG name="Port Configuration Details">

------------------------------------------------------------
Port Configuration report
------------------------------------------------------------
     |     |       | Interrupt |                  |                     | 
Port | Pin | Fixed |      Type |       Drive Mode |                Name | Connections
-----+-----+-------+-----------+------------------+---------------------+--------------------------
   0 |   4 |       |      NONE |      HI_Z_ANALOG | \ADC_SAR:Bypass(0)\ | Analog(\ADC_SAR:Net_210\)
-----+-----+-------+-----------+------------------+---------------------+--------------------------
   1 |   2 |     * |      NONE |      RES_PULL_UP |              MIC(0) | Analog(Net_1)
-----+-----+-------+-----------+------------------+---------------------+--------------------------
   3 |   0 |     * |      NONE |      RES_PULL_UP |          PWM_Out(0) | In(Net_485)
     |   7 |       |      NONE |      HI_Z_ANALOG |    Dedicated_Output | Analog(Net_484)
-----+-----+-------+-----------+------------------+---------------------+--------------------------
  12 |   0 |     * |      NONE |         CMOS_OUT |    \LCD:LCDPort(0)\ | 
     |   1 |     * |      NONE |         CMOS_OUT |    \LCD:LCDPort(1)\ | 
     |   2 |     * |      NONE |         CMOS_OUT |    \LCD:LCDPort(2)\ | 
     |   3 |     * |      NONE |         CMOS_OUT |    \LCD:LCDPort(3)\ | 
     |   4 |     * |      NONE |         CMOS_OUT |    \LCD:LCDPort(4)\ | 
     |   5 |     * |      NONE |         CMOS_OUT |    \LCD:LCDPort(5)\ | 
     |   6 |     * |      NONE |         CMOS_OUT |    \LCD:LCDPort(6)\ | 
---------------------------------------------------------------------------------------------------
</CYPRESSTAG>
</CYPRESSTAG>
</CYPRESSTAG>
Digital component placer commit/Report: Elapsed time ==> 0s.001ms
Digital Placement phase: Elapsed time ==> 1s.102ms
</CYPRESSTAG>
<CYPRESSTAG name="Digital Routing">
Routing successful.
Digital Routing phase: Elapsed time ==> 1s.375ms
</CYPRESSTAG>
<CYPRESSTAG name="Bitstream Generation">
Bitstream Generation phase: Elapsed time ==> 0s.264ms
</CYPRESSTAG>
<CYPRESSTAG name="Bitstream Verification">
Bitstream Verification phase: Elapsed time ==> 0s.059ms
</CYPRESSTAG>
<CYPRESSTAG name="Static timing analysis">
Timing report is in LCD_timing.html.
Static timing analysis phase: Elapsed time ==> 0s.334ms
</CYPRESSTAG>
<CYPRESSTAG name="Data reporting">
Data reporting phase: Elapsed time ==> 0s.000ms
</CYPRESSTAG>
<CYPRESSTAG name="Database update...">
Design database save phase: Elapsed time ==> 0s.193ms
</CYPRESSTAG>
cydsfit: Elapsed time ==> 3s.855ms
</CYPRESSTAG>
Fitter phase: Elapsed time ==> 3s.855ms
DEL: pft.M0074: information: A (re)build is required to use the analog device editor. Unable to load the necessary information from the cyfit file. Partial/wrong data will be displayed until this has been resolved.
 * C:\Users\EpikE\Documents\PSoC Creator\LCD\LCD.cydsn\LCD.cydwr ()

API generation phase: Elapsed time ==> 1s.414ms
Dependency generation phase: Elapsed time ==> 0s.027ms
Cleanup phase: Elapsed time ==> 0s.000ms
